#-----------------------------------------------------------
# Vivado v2024.1 (64-bit)
# SW Build 5076996 on Wed May 22 18:37:14 MDT 2024
# IP Build 5075265 on Wed May 22 21:45:21 MDT 2024
# SharedData Build 5076995 on Wed May 22 18:29:18 MDT 2024
# Start of session at: Thu Aug 29 15:36:20 2024
# Process ID: 16476
# Current directory: D:/Github/Monitorias_ElectronicaDigital/Pre-Parcial/03-Taller PreParcial/Punto3/count_mod10
# Command line: vivado.exe -gui_launcher_event rodinguilauncherevent19960 D:\Github\Monitorias_ElectronicaDigital\Pre-Parcial\03-Taller PreParcial\Punto3\count_mod10\count_mod10.xpr
# Log file: D:/Github/Monitorias_ElectronicaDigital/Pre-Parcial/03-Taller PreParcial/Punto3/count_mod10/vivado.log
# Journal file: D:/Github/Monitorias_ElectronicaDigital/Pre-Parcial/03-Taller PreParcial/Punto3/count_mod10\vivado.jou
# Running On        :AG-Predator
# Platform          :Windows Server 2016 or Windows 10
# Operating System  :22631
# Processor Detail  :Intel(R) Core(TM) i7-9750H CPU @ 2.60GHz
# CPU Frequency     :2592 MHz
# CPU Physical cores:6
# CPU Logical cores :12
# Host memory       :17011 MB
# Swap memory       :11811 MB
# Total Virtual     :28822 MB
# Available Virtual :17282 MB
#-----------------------------------------------------------
start_gui
open_project {D:/Github/Monitorias_ElectronicaDigital/Pre-Parcial/03-Taller PreParcial/Punto3/count_mod10/count_mod10.xpr}
INFO: [ProjectBase 1-489] The host OS only allows 260 characters in a normal path. The project is stored in a path with more than 80 characters. If you experience issues with IP, Block Designs, or files not being found, please consider moving the project to a location with a shorter path. Alternately consider using the OS subst command to map part of the path to a drive letter.
Current project path is 'D:/Github/Monitorias_ElectronicaDigital/Pre-Parcial/03-Taller PreParcial/Punto3/count_mod10'
WARNING: [Board 49-26] cannot add Board Part xilinx.com:kc705:part0:1.6 available at D:/Software/Vivado/Vivado/2024.1/data/xhub/boards/XilinxBoardStore/boards/Xilinx/kc705/1.6/board.xml as part xc7k325tffg900-2 specified in board_part file is either invalid or not available
WARNING: [Board 49-26] cannot add Board Part xilinx.com:kcu105:part0:1.6 available at D:/Software/Vivado/Vivado/2024.1/data/xhub/boards/XilinxBoardStore/boards/Xilinx/kcu105/1.6/board.xml as part xcku040-ffva1156-2-e specified in board_part file is either invalid or not available
WARNING: [Board 49-26] cannot add Board Part xilinx.com:kcu105:part0:1.7 available at D:/Software/Vivado/Vivado/2024.1/data/xhub/boards/XilinxBoardStore/boards/Xilinx/kcu105/1.7/board.xml as part xcku040-ffva1156-2-e specified in board_part file is either invalid or not available
WARNING: [Board 49-26] cannot add Board Part xilinx.com:kcu1500:part0:1.2 available at D:/Software/Vivado/Vivado/2024.1/data/xhub/boards/XilinxBoardStore/boards/Xilinx/kcu1500/1.2/board.xml as part xcku115-flvb2104-2-e specified in board_part file is either invalid or not available
WARNING: [Board 49-26] cannot add Board Part xilinx.com:vc707:part0:1.4 available at D:/Software/Vivado/Vivado/2024.1/data/xhub/boards/XilinxBoardStore/boards/Xilinx/vc707/1.4/board.xml as part xc7vx485tffg1761-2 specified in board_part file is either invalid or not available
WARNING: [Board 49-26] cannot add Board Part xilinx.com:vc709:part0:1.8 available at D:/Software/Vivado/Vivado/2024.1/data/xhub/boards/XilinxBoardStore/boards/Xilinx/vc709/1.8/board.xml as part xc7vx690tffg1761-2 specified in board_part file is either invalid or not available
WARNING: [Board 49-26] cannot add Board Part xilinx.com:vck190:part0:2.2 available at D:/Software/Vivado/Vivado/2024.1/data/xhub/boards/XilinxBoardStore/boards/Xilinx/vck190/production/2.2/board.xml as part xcvc1902-vsva2197-2mp-e-s specified in board_part file is either invalid or not available
WARNING: [Board 49-26] cannot add Board Part xilinx.com:vck190:part0:3.0 available at D:/Software/Vivado/Vivado/2024.1/data/xhub/boards/XilinxBoardStore/boards/Xilinx/vck190/production/3.0/board.xml as part xcvc1902-vsva2197-2mp-e-s specified in board_part file is either invalid or not available
WARNING: [Board 49-26] cannot add Board Part xilinx.com:vck190:part0:3.1 available at D:/Software/Vivado/Vivado/2024.1/data/xhub/boards/XilinxBoardStore/boards/Xilinx/vck190/production/3.1/board.xml as part xcvc1902-vsva2197-2mp-e-s specified in board_part file is either invalid or not available
WARNING: [Board 49-26] cannot add Board Part xilinx.com:vck190:part0:3.2 available at D:/Software/Vivado/Vivado/2024.1/data/xhub/boards/XilinxBoardStore/boards/Xilinx/vck190/production/3.2/board.xml as part xcvc1902-vsva2197-2mp-e-s specified in board_part file is either invalid or not available
WARNING: [Board 49-26] cannot add Board Part xilinx.com:vck190:part0:3.3 available at D:/Software/Vivado/Vivado/2024.1/data/xhub/boards/XilinxBoardStore/boards/Xilinx/vck190/production/3.3/board.xml as part xcvc1902-vsva2197-2mp-e-s specified in board_part file is either invalid or not available
WARNING: [Board 49-26] cannot add Board Part xilinx.com:vck190_newl:part0:1.0 available at D:/Software/Vivado/Vivado/2024.1/data/xhub/boards/XilinxBoardStore/boards/Xilinx/vck190_newl/production/1.0/board.xml as part xcvc1902-vsva2197-2mp-e-s specified in board_part file is either invalid or not available
WARNING: [Board 49-26] cannot add Board Part xilinx.com:vck190_newl:part0:1.1 available at D:/Software/Vivado/Vivado/2024.1/data/xhub/boards/XilinxBoardStore/boards/Xilinx/vck190_newl/production/1.1/board.xml as part xcvc1902-vsva2197-2mp-e-s specified in board_part file is either invalid or not available
WARNING: [Board 49-26] cannot add Board Part xilinx.com:vck190_newl:part0:1.2 available at D:/Software/Vivado/Vivado/2024.1/data/xhub/boards/XilinxBoardStore/boards/Xilinx/vck190_newl/production/1.2/board.xml as part xcvc1902-vsva2197-2mp-e-s specified in board_part file is either invalid or not available
WARNING: [Board 49-26] cannot add Board Part xilinx.com:vcu108:part0:1.6 available at D:/Software/Vivado/Vivado/2024.1/data/xhub/boards/XilinxBoardStore/boards/Xilinx/vcu108/1.6/board.xml as part xcvu095-ffva2104-2-e specified in board_part file is either invalid or not available
WARNING: [Board 49-26] cannot add Board Part xilinx.com:vcu108:part0:1.7 available at D:/Software/Vivado/Vivado/2024.1/data/xhub/boards/XilinxBoardStore/boards/Xilinx/vcu108/1.7/board.xml as part xcvu095-ffva2104-2-e specified in board_part file is either invalid or not available
WARNING: [Board 49-26] cannot add Board Part xilinx.com:vcu110:part0:1.4 available at D:/Software/Vivado/Vivado/2024.1/data/xhub/boards/XilinxBoardStore/boards/Xilinx/vcu110/1.4/board.xml as part xcvu190-flgc2104-2-e specified in board_part file is either invalid or not available
WARNING: [Board 49-26] cannot add Board Part xilinx.com:vcu118:part0:2.0 available at D:/Software/Vivado/Vivado/2024.1/data/xhub/boards/XilinxBoardStore/boards/Xilinx/vcu118/2.0/board.xml as part xcvu9p-flga2104-2l-e specified in board_part file is either invalid or not available
WARNING: [Board 49-26] cannot add Board Part xilinx.com:vcu118:part0:2.3 available at D:/Software/Vivado/Vivado/2024.1/data/xhub/boards/XilinxBoardStore/boards/Xilinx/vcu118/2.3/board.xml as part xcvu9p-flga2104-2l-e specified in board_part file is either invalid or not available
WARNING: [Board 49-26] cannot add Board Part xilinx.com:vcu118:part0:2.4 available at D:/Software/Vivado/Vivado/2024.1/data/xhub/boards/XilinxBoardStore/boards/Xilinx/vcu118/2.4/board.xml as part xcvu9p-flga2104-2l-e specified in board_part file is either invalid or not available
WARNING: [Board 49-26] cannot add Board Part xilinx.com:vcu129:part0:1.0 available at D:/Software/Vivado/Vivado/2024.1/data/xhub/boards/XilinxBoardStore/boards/Xilinx/vcu129/production/1.0/board.xml as part xcvu29p-fsga2577-2l-e specified in board_part file is either invalid or not available
WARNING: [Board 49-26] cannot add Board Part xilinx.com:vcu1525:part0:1.3 available at D:/Software/Vivado/Vivado/2024.1/data/xhub/boards/XilinxBoardStore/boards/Xilinx/vcu1525/1.3/board.xml as part xcvu9p-fsgd2104-2l-e specified in board_part file is either invalid or not available
WARNING: [Board 49-26] cannot add Board Part xilinx.com:vek280:part0:1.0 available at D:/Software/Vivado/Vivado/2024.1/data/xhub/boards/XilinxBoardStore/boards/Xilinx/vek280/production/1.0/board.xml as part xcve2802-vsvh1760-2mp-e-s specified in board_part file is either invalid or not available
WARNING: [Board 49-26] cannot add Board Part xilinx.com:vek280:part0:1.1 available at D:/Software/Vivado/Vivado/2024.1/data/xhub/boards/XilinxBoardStore/boards/Xilinx/vek280/production/1.1/board.xml as part xcve2802-vsvh1760-2mp-e-s specified in board_part file is either invalid or not available
WARNING: [Board 49-26] cannot add Board Part xilinx.com:vek280:part0:1.2 available at D:/Software/Vivado/Vivado/2024.1/data/xhub/boards/XilinxBoardStore/boards/Xilinx/vek280/production/1.2/board.xml as part xcve2802-vsvh1760-2mp-e-s specified in board_part file is either invalid or not available
WARNING: [Board 49-26] cannot add Board Part xilinx.com:vek280_es:part0:1.0 available at D:/Software/Vivado/Vivado/2024.1/data/xhub/boards/XilinxBoardStore/boards/Xilinx/vek280/es/rev_a/1.0/board.xml as part xcve2802-vsvh1760-2lp-e-s-es1 specified in board_part file is either invalid or not available
WARNING: [Board 49-26] cannot add Board Part xilinx.com:vek280_es:part0:1.1 available at D:/Software/Vivado/Vivado/2024.1/data/xhub/boards/XilinxBoardStore/boards/Xilinx/vek280/es/rev_a/1.1/board.xml as part xcve2802-vsvh1760-2lp-e-s-es1 specified in board_part file is either invalid or not available
WARNING: [Board 49-26] cannot add Board Part xilinx.com:vek280_es_revb:part0:1.0 available at D:/Software/Vivado/Vivado/2024.1/data/xhub/boards/XilinxBoardStore/boards/Xilinx/vek280/es/rev_b/1.0/board.xml as part xcve2802-vsvh1760-2mp-e-s-es1 specified in board_part file is either invalid or not available
WARNING: [Board 49-26] cannot add Board Part xilinx.com:vek280_es_revb:part0:1.1 available at D:/Software/Vivado/Vivado/2024.1/data/xhub/boards/XilinxBoardStore/boards/Xilinx/vek280/es/rev_b/1.1/board.xml as part xcve2802-vsvh1760-2mp-e-s-es1 specified in board_part file is either invalid or not available
WARNING: [Board 49-26] cannot add Board Part xilinx.com:vermeo_t1_mpsoc:part0:1.0 available at D:/Software/Vivado/Vivado/2024.1/data/xhub/boards/XilinxBoardStore/boards/Xilinx/vermeo_t1_mpsoc/1.0/board.xml as part xczu19eg-ffvd1760-2l-e specified in board_part file is either invalid or not available
WARNING: [Board 49-26] cannot add Board Part xilinx.com:vermeo_t1_rfsoc:part0:1.0 available at D:/Software/Vivado/Vivado/2024.1/data/xhub/boards/XilinxBoardStore/boards/Xilinx/vermeo_t1_rfsoc/1.0/board.xml as part xczu21dr-ffvd1156-2l-e specified in board_part file is either invalid or not available
WARNING: [Board 49-26] cannot add Board Part xilinx.com:vhk158:part0:1.0 available at D:/Software/Vivado/Vivado/2024.1/data/xhub/boards/XilinxBoardStore/boards/Xilinx/vhk158/production/1.0/board.xml as part xcvh1582-vsva3697-2mp-e-s specified in board_part file is either invalid or not available
WARNING: [Board 49-26] cannot add Board Part xilinx.com:vhk158:part0:1.1 available at D:/Software/Vivado/Vivado/2024.1/data/xhub/boards/XilinxBoardStore/boards/Xilinx/vhk158/production/1.1/board.xml as part xcvh1582-vsva3697-2mp-e-s specified in board_part file is either invalid or not available
WARNING: [Board 49-26] cannot add Board Part xilinx.com:vhk158_es:part0:1.0 available at D:/Software/Vivado/Vivado/2024.1/data/xhub/boards/XilinxBoardStore/boards/Xilinx/vhk158/es/1.0/board.xml as part xcvh1582-vsva3697-2mp-e-s-es1 specified in board_part file is either invalid or not available
WARNING: [Board 49-26] cannot add Board Part xilinx.com:vhk158_es:part0:1.1 available at D:/Software/Vivado/Vivado/2024.1/data/xhub/boards/XilinxBoardStore/boards/Xilinx/vhk158/es/1.1/board.xml as part xcvh1582-vsva3697-2mp-e-s-es1 specified in board_part file is either invalid or not available
WARNING: [Board 49-26] cannot add Board Part xilinx.com:vmk180:part0:2.2 available at D:/Software/Vivado/Vivado/2024.1/data/xhub/boards/XilinxBoardStore/boards/Xilinx/vmk180/production/2.2/board.xml as part xcvm1802-vsva2197-2mp-e-s specified in board_part file is either invalid or not available
WARNING: [Board 49-26] cannot add Board Part xilinx.com:vmk180:part0:3.0 available at D:/Software/Vivado/Vivado/2024.1/data/xhub/boards/XilinxBoardStore/boards/Xilinx/vmk180/production/3.0/board.xml as part xcvm1802-vsva2197-2mp-e-s specified in board_part file is either invalid or not available
WARNING: [Board 49-26] cannot add Board Part xilinx.com:vmk180:part0:3.1 available at D:/Software/Vivado/Vivado/2024.1/data/xhub/boards/XilinxBoardStore/boards/Xilinx/vmk180/production/3.1/board.xml as part xcvm1802-vsva2197-2mp-e-s specified in board_part file is either invalid or not available
WARNING: [Board 49-26] cannot add Board Part xilinx.com:vmk180:part0:3.2 available at D:/Software/Vivado/Vivado/2024.1/data/xhub/boards/XilinxBoardStore/boards/Xilinx/vmk180/production/3.2/board.xml as part xcvm1802-vsva2197-2mp-e-s specified in board_part file is either invalid or not available
WARNING: [Board 49-26] cannot add Board Part xilinx.com:vmk180_newl:part0:1.0 available at D:/Software/Vivado/Vivado/2024.1/data/xhub/boards/XilinxBoardStore/boards/Xilinx/vmk180_newl/production/1.0/board.xml as part xcvm1802-vsva2197-2mp-e-s specified in board_part file is either invalid or not available
WARNING: [Board 49-26] cannot add Board Part xilinx.com:vmk180_newl:part0:1.1 available at D:/Software/Vivado/Vivado/2024.1/data/xhub/boards/XilinxBoardStore/boards/Xilinx/vmk180_newl/production/1.1/board.xml as part xcvm1802-vsva2197-2mp-e-s specified in board_part file is either invalid or not available
WARNING: [Board 49-26] cannot add Board Part xilinx.com:vpk120:part0:1.0 available at D:/Software/Vivado/Vivado/2024.1/data/xhub/boards/XilinxBoardStore/boards/Xilinx/vpk120/production/1.0/board.xml as part xcvp1202-vsva2785-2mp-e-s specified in board_part file is either invalid or not available
WARNING: [Board 49-26] cannot add Board Part xilinx.com:vpk120:part0:1.1 available at D:/Software/Vivado/Vivado/2024.1/data/xhub/boards/XilinxBoardStore/boards/Xilinx/vpk120/production/1.1/board.xml as part xcvp1202-vsva2785-2mp-e-s specified in board_part file is either invalid or not available
WARNING: [Board 49-26] cannot add Board Part xilinx.com:vpk120:part0:1.2 available at D:/Software/Vivado/Vivado/2024.1/data/xhub/boards/XilinxBoardStore/boards/Xilinx/vpk120/production/1.2/board.xml as part xcvp1202-vsva2785-2mp-e-s specified in board_part file is either invalid or not available
WARNING: [Board 49-26] cannot add Board Part xilinx.com:vpk180:part0:1.0 available at D:/Software/Vivado/Vivado/2024.1/data/xhub/boards/XilinxBoardStore/boards/Xilinx/vpk180/production/1.0/board.xml as part xcvp1802-lsvc4072-2mp-e-s specified in board_part file is either invalid or not available
WARNING: [Board 49-26] cannot add Board Part xilinx.com:vpk180:part0:1.1 available at D:/Software/Vivado/Vivado/2024.1/data/xhub/boards/XilinxBoardStore/boards/Xilinx/vpk180/production/1.1/board.xml as part xcvp1802-lsvc4072-2mp-e-s specified in board_part file is either invalid or not available
WARNING: [Board 49-26] cannot add Board Part xilinx.com:vpk180:part0:1.2 available at D:/Software/Vivado/Vivado/2024.1/data/xhub/boards/XilinxBoardStore/boards/Xilinx/vpk180/production/1.2/board.xml as part xcvp1802-lsvc4072-2mp-e-s specified in board_part file is either invalid or not available
WARNING: [Board 49-26] cannot add Board Part xilinx.com:zc706:part0:1.4 available at D:/Software/Vivado/Vivado/2024.1/data/xhub/boards/XilinxBoardStore/boards/Xilinx/zc706/1.4/board.xml as part xc7z045ffg900-2 specified in board_part file is either invalid or not available
WARNING: [Board 49-26] cannot add Board Part xilinx.com:zcu102:part0:3.3 available at D:/Software/Vivado/Vivado/2024.1/data/xhub/boards/XilinxBoardStore/boards/Xilinx/zcu102/3.3/board.xml as part xczu9eg-ffvb1156-2-e specified in board_part file is either invalid or not available
WARNING: [Board 49-26] cannot add Board Part xilinx.com:zcu102:part0:3.4 available at D:/Software/Vivado/Vivado/2024.1/data/xhub/boards/XilinxBoardStore/boards/Xilinx/zcu102/3.4/board.xml as part xczu9eg-ffvb1156-2-e specified in board_part file is either invalid or not available
WARNING: [Board 49-26] cannot add Board Part xilinx.com:zcu111:part0:1.2 available at D:/Software/Vivado/Vivado/2024.1/data/xhub/boards/XilinxBoardStore/boards/Xilinx/zcu111/1.2/board.xml as part xczu28dr-ffvg1517-2-e specified in board_part file is either invalid or not available
WARNING: [Board 49-26] cannot add Board Part xilinx.com:zcu111:part0:1.3 available at D:/Software/Vivado/Vivado/2024.1/data/xhub/boards/XilinxBoardStore/boards/Xilinx/zcu111/1.3/board.xml as part xczu28dr-ffvg1517-2-e specified in board_part file is either invalid or not available
WARNING: [Board 49-26] cannot add Board Part xilinx.com:zcu111:part0:1.4 available at D:/Software/Vivado/Vivado/2024.1/data/xhub/boards/XilinxBoardStore/boards/Xilinx/zcu111/1.4/board.xml as part xczu28dr-ffvg1517-2-e specified in board_part file is either invalid or not available
WARNING: [Board 49-26] cannot add Board Part xilinx.com:zcu1275:part0:1.0 available at D:/Software/Vivado/Vivado/2024.1/data/xhub/boards/XilinxBoardStore/boards/Xilinx/zcu1275/1.0/board.xml as part xczu29dr-ffvf1760-2-e specified in board_part file is either invalid or not available
WARNING: [Board 49-26] cannot add Board Part xilinx.com:zcu1285:part0:1.0 available at D:/Software/Vivado/Vivado/2024.1/data/xhub/boards/XilinxBoardStore/boards/Xilinx/zcu1285/1.0/board.xml as part xczu39dr-ffvf1760-2-i specified in board_part file is either invalid or not available
WARNING: [Board 49-26] cannot add Board Part xilinx.com:zcu208:part0:2.0 available at D:/Software/Vivado/Vivado/2024.1/data/xhub/boards/XilinxBoardStore/boards/Xilinx/zcu208/production/2.0/board.xml as part xczu48dr-fsvg1517-2-e specified in board_part file is either invalid or not available
WARNING: [Board 49-26] cannot add Board Part xilinx.com:zcu208ld:part0:2.0 available at D:/Software/Vivado/Vivado/2024.1/data/xhub/boards/XilinxBoardStore/boards/Xilinx/zcu208ld/production/2.0/board.xml as part xczu58dr-fsvg1517-2-i specified in board_part file is either invalid or not available
WARNING: [Board 49-26] cannot add Board Part xilinx.com:zcu216:part0:2.0 available at D:/Software/Vivado/Vivado/2024.1/data/xhub/boards/XilinxBoardStore/boards/Xilinx/zcu216/production/2.0/board.xml as part xczu49dr-ffvf1760-2-e specified in board_part file is either invalid or not available
WARNING: [Board 49-26] cannot add Board Part xilinx.com:zcu216ld:part0:2.0 available at D:/Software/Vivado/Vivado/2024.1/data/xhub/boards/XilinxBoardStore/boards/Xilinx/zcu216ld/production/2.0/board.xml as part xczu59dr-ffvf1760-2-i specified in board_part file is either invalid or not available
WARNING: [Board 49-26] cannot add Board Part xilinx.com:zcu670:part0:2.0 available at D:/Software/Vivado/Vivado/2024.1/data/xhub/boards/XilinxBoardStore/boards/Xilinx/zcu670/2.0/board.xml as part xczu67dr-fsve1156-2-i specified in board_part file is either invalid or not available
WARNING: [Board 49-26] cannot add Board Part xilinx.com:zcu670ld:part0:1.0 available at D:/Software/Vivado/Vivado/2024.1/data/xhub/boards/XilinxBoardStore/boards/Xilinx/zcu670ld/1.0/board.xml as part xczu57dr-fsve1156-2-i specified in board_part file is either invalid or not available
INFO: [filemgmt 56-3] Default IP Output Path : Could not find the directory 'D:/Github/Monitorias_ElectronicaDigital/Pre-Parcial/03-Taller PreParcial/Punto3/count_mod10/count_mod10.gen/sources_1'.
WARNING: [filemgmt 56-3] IPUserFilesDir: Could not find the directory 'D:/Github/Monitorias_ElectronicaDigital/Pre-Parcial/03-Taller PreParcial/Punto3/count_mod10/count_mod10.ip_user_files'.
Scanning sources...
Finished scanning sources
INFO: [IP_Flow 19-234] Refreshing IP repositories
INFO: [IP_Flow 19-1704] No user IP repositories specified
INFO: [IP_Flow 19-2313] Loaded Vivado IP repository 'D:/Software/Vivado/Vivado/2024.1/data/ip'.
open_project: Time (s): cpu = 00:00:17 ; elapsed = 00:00:19 . Memory (MB): peak = 1535.000 ; gain = 436.238
update_compile_order -fileset sources_1
open_hw_manager
connect_hw_server -allow_non_jtag
INFO: [Labtools 27-2285] Connecting to hw_server url TCP:localhost:3121
INFO: [Labtools 27-2222] Launching hw_server...
INFO: [Labtools 27-2221] Launch Output:

****** Xilinx hw_server v2024.1.0
  **** Build date : Mar  6 2024 at 20:50:54
    ** Copyright 1986-2022 Xilinx, Inc. All Rights Reserved.


INFO: [Labtools 27-3415] Connecting to cs_server url TCP:localhost:0
INFO: [Labtools 27-3417] Launching cs_server...
INFO: [Labtools 27-2221] Launch Output:


******** Xilinx cs_server v2024.1.0
  ****** Build date   : Mar 08 2024-19:00:37
    **** Build number : 2024.1.1709942437
      ** Copyright 2017-2022 Xilinx, Inc. All Rights Reserved.
      ** Copyright 2022-2024 Advanced Micro Devices, Inc. All Rights Reserved.



connect_hw_server: Time (s): cpu = 00:00:01 ; elapsed = 00:00:09 . Memory (MB): peak = 1714.430 ; gain = 0.000
open_hw_target
INFO: [Labtoolstcl 44-466] Opening hw_target localhost:3121/xilinx_tcf/Digilent/210183A57F46A
current_hw_device [get_hw_devices xc7a35t_0]
refresh_hw_device -update_hw_probes false [lindex [get_hw_devices xc7a35t_0] 0]
INFO: [Labtools 27-1434] Device xc7a35t (JTAG device index = 0) is programmed with a design that has no supported debug core(s) in it.
set_property PROBES.FILE {} [get_hw_devices xc7a35t_0]
set_property FULL_PROBES.FILE {} [get_hw_devices xc7a35t_0]
set_property PROGRAM.FILE {D:/Github/Monitorias_ElectronicaDigital/Pre-Parcial/03-Taller PreParcial/Punto3/count_mod10/count_mod10.runs/impl_1/TOP.bit} [get_hw_devices xc7a35t_0]
program_hw_devices [get_hw_devices xc7a35t_0]
INFO: [Labtools 27-3164] End of startup status: HIGH
refresh_hw_device [lindex [get_hw_devices xc7a35t_0] 0]
INFO: [Labtools 27-1434] Device xc7a35t (JTAG device index = 0) is programmed with a design that has no supported debug core(s) in it.
close_hw_manager
reset_run synth_1
INFO: [Project 1-1161] Replacing file D:/Github/Monitorias_ElectronicaDigital/Pre-Parcial/03-Taller PreParcial/Punto3/count_mod10/count_mod10.srcs/utils_1/imports/synth_1/TOP.dcp with file D:/Github/Monitorias_ElectronicaDigital/Pre-Parcial/03-Taller PreParcial/Punto3/count_mod10/count_mod10.runs/synth_1/TOP.dcp
WARNING: [filemgmt 56-199] Attempt to get parsing info during refresh. "On-the-fly" syntax checking information may be incorrect. [D:\Github\Monitorias_ElectronicaDigital\Pre-Parcial\03-Taller PreParcial\Punto3\count_mod10\count_mod10.srcs\sources_1\new\Reloj_1Hz.vhd:]
WARNING: [filemgmt 56-199] Attempt to get parsing info during refresh. "On-the-fly" syntax checking information may be incorrect. [D:\Github\Monitorias_ElectronicaDigital\Pre-Parcial\03-Taller PreParcial\Punto3\count_mod10\count_mod10.srcs\sources_1\new\TOP.vhd:]
WARNING: [filemgmt 56-199] Attempt to get parsing info during refresh. "On-the-fly" syntax checking information may be incorrect. [D:\Github\Monitorias_ElectronicaDigital\Pre-Parcial\03-Taller PreParcial\Punto3\count_mod10\count_mod10.srcs\sources_1\new\CountMod10.vhd:]
WARNING: [filemgmt 56-199] Attempt to get parsing info during refresh. "On-the-fly" syntax checking information may be incorrect. [D:\Github\Monitorias_ElectronicaDigital\Pre-Parcial\03-Taller PreParcial\Punto3\count_mod10\count_mod10.srcs\sources_1\new\CountMod10.vhd:]
WARNING: [filemgmt 56-199] Attempt to get parsing info during refresh. "On-the-fly" syntax checking information may be incorrect. [D:\Github\Monitorias_ElectronicaDigital\Pre-Parcial\03-Taller PreParcial\Punto3\count_mod10\count_mod10.srcs\sources_1\new\CountMod10.vhd:]
WARNING: [filemgmt 56-199] Attempt to get parsing info during refresh. "On-the-fly" syntax checking information may be incorrect. [D:\Github\Monitorias_ElectronicaDigital\Pre-Parcial\03-Taller PreParcial\Punto3\count_mod10\count_mod10.srcs\sources_1\new\Reloj_1Hz.vhd:]
WARNING: [filemgmt 56-199] Attempt to get parsing info during refresh. "On-the-fly" syntax checking information may be incorrect. [D:\Github\Monitorias_ElectronicaDigital\Pre-Parcial\03-Taller PreParcial\Punto3\count_mod10\count_mod10.srcs\sources_1\new\TOP.vhd:]
WARNING: [filemgmt 56-199] Attempt to get parsing info during refresh. "On-the-fly" syntax checking information may be incorrect. [D:\Github\Monitorias_ElectronicaDigital\Pre-Parcial\03-Taller PreParcial\Punto3\count_mod10\count_mod10.srcs\sources_1\new\CountMod10.vhd:]
WARNING: [filemgmt 56-199] Attempt to get parsing info during refresh. "On-the-fly" syntax checking information may be incorrect. [D:\Github\Monitorias_ElectronicaDigital\Pre-Parcial\03-Taller PreParcial\Punto3\count_mod10\count_mod10.srcs\sources_1\new\Reloj_1Hz.vhd:]
WARNING: [filemgmt 56-199] Attempt to get parsing info during refresh. "On-the-fly" syntax checking information may be incorrect. [D:\Github\Monitorias_ElectronicaDigital\Pre-Parcial\03-Taller PreParcial\Punto3\count_mod10\count_mod10.srcs\sources_1\new\Reloj_1Hz.vhd:]
ERROR: [Common 17-180] Spawn failed: No error
WARNING: [filemgmt 56-199] Attempt to get parsing info during refresh. "On-the-fly" syntax checking information may be incorrect. [D:\Github\Monitorias_ElectronicaDigital\Pre-Parcial\03-Taller PreParcial\Punto3\count_mod10\count_mod10.srcs\sources_1\new\Reloj_1Hz.vhd:]
WARNING: [filemgmt 56-199] Attempt to get parsing info during refresh. "On-the-fly" syntax checking information may be incorrect. [D:\Github\Monitorias_ElectronicaDigital\Pre-Parcial\03-Taller PreParcial\Punto3\count_mod10\count_mod10.srcs\sources_1\new\TOP.vhd:]
WARNING: [filemgmt 56-199] Attempt to get parsing info during refresh. "On-the-fly" syntax checking information may be incorrect. [D:\Github\Monitorias_ElectronicaDigital\Pre-Parcial\03-Taller PreParcial\Punto3\count_mod10\count_mod10.srcs\sources_1\new\CountMod10.vhd:]
WARNING: [filemgmt 56-199] Attempt to get parsing info during refresh. "On-the-fly" syntax checking information may be incorrect. [D:\Github\Monitorias_ElectronicaDigital\Pre-Parcial\03-Taller PreParcial\Punto3\count_mod10\count_mod10.srcs\sources_1\new\CountMod10.vhd:]
WARNING: [filemgmt 56-199] Attempt to get parsing info during refresh. "On-the-fly" syntax checking information may be incorrect. [D:\Github\Monitorias_ElectronicaDigital\Pre-Parcial\03-Taller PreParcial\Punto3\count_mod10\count_mod10.srcs\sources_1\new\CountMod10.vhd:]
WARNING: [filemgmt 56-199] Attempt to get parsing info during refresh. "On-the-fly" syntax checking information may be incorrect. [D:\Github\Monitorias_ElectronicaDigital\Pre-Parcial\03-Taller PreParcial\Punto3\count_mod10\count_mod10.srcs\sources_1\new\Reloj_1Hz.vhd:]
WARNING: [filemgmt 56-199] Attempt to get parsing info during refresh. "On-the-fly" syntax checking information may be incorrect. [D:\Github\Monitorias_ElectronicaDigital\Pre-Parcial\03-Taller PreParcial\Punto3\count_mod10\count_mod10.srcs\sources_1\new\TOP.vhd:]
WARNING: [filemgmt 56-199] Attempt to get parsing info during refresh. "On-the-fly" syntax checking information may be incorrect. [D:\Github\Monitorias_ElectronicaDigital\Pre-Parcial\03-Taller PreParcial\Punto3\count_mod10\count_mod10.srcs\sources_1\new\CountMod10.vhd:]
WARNING: [filemgmt 56-199] Attempt to get parsing info during refresh. "On-the-fly" syntax checking information may be incorrect. [D:\Github\Monitorias_ElectronicaDigital\Pre-Parcial\03-Taller PreParcial\Punto3\count_mod10\count_mod10.srcs\sources_1\new\TOP.vhd:]
WARNING: [filemgmt 56-199] Attempt to get parsing info during refresh. "On-the-fly" syntax checking information may be incorrect. [D:\Github\Monitorias_ElectronicaDigital\Pre-Parcial\03-Taller PreParcial\Punto3\count_mod10\count_mod10.srcs\sources_1\new\TOP.vhd:]
launch_runs synth_1 -jobs 6
[Thu Aug 29 15:51:13 2024] Launched synth_1...
Run output will be captured here: D:/Github/Monitorias_ElectronicaDigital/Pre-Parcial/03-Taller PreParcial/Punto3/count_mod10/count_mod10.runs/synth_1/runme.log
launch_runs impl_1 -jobs 6
[Thu Aug 29 15:52:57 2024] Launched impl_1...
Run output will be captured here: D:/Github/Monitorias_ElectronicaDigital/Pre-Parcial/03-Taller PreParcial/Punto3/count_mod10/count_mod10.runs/impl_1/runme.log
launch_runs impl_1 -to_step write_bitstream -jobs 6
[Thu Aug 29 15:54:51 2024] Launched impl_1...
Run output will be captured here: D:/Github/Monitorias_ElectronicaDigital/Pre-Parcial/03-Taller PreParcial/Punto3/count_mod10/count_mod10.runs/impl_1/runme.log
open_hw_manager
connect_hw_server -allow_non_jtag
INFO: [Labtools 27-2285] Connecting to hw_server url TCP:localhost:3121
INFO: [Labtools 27-2222] Launching hw_server...
INFO: [Labtools 27-2221] Launch Output:

****** Xilinx hw_server v2024.1.0
  **** Build date : Mar  6 2024 at 20:50:54
    ** Copyright 1986-2022 Xilinx, Inc. All Rights Reserved.


INFO: [Labtools 27-3415] Connecting to cs_server url TCP:localhost:0
INFO: [Labtools 27-3417] Launching cs_server...
INFO: [Labtools 27-2221] Launch Output:


******** Xilinx cs_server v2024.1.0
  ****** Build date   : Mar 08 2024-19:00:37
    **** Build number : 2024.1.1709942437
      ** Copyright 2017-2022 Xilinx, Inc. All Rights Reserved.
      ** Copyright 2022-2024 Advanced Micro Devices, Inc. All Rights Reserved.



connect_hw_server: Time (s): cpu = 00:00:00 ; elapsed = 00:00:09 . Memory (MB): peak = 1714.430 ; gain = 0.000
open_hw_target
INFO: [Labtoolstcl 44-466] Opening hw_target localhost:3121/xilinx_tcf/Digilent/210183A57F46A
set_property PROGRAM.FILE {D:/Github/Monitorias_ElectronicaDigital/Pre-Parcial/03-Taller PreParcial/Punto3/count_mod10/count_mod10.runs/impl_1/TOP.bit} [get_hw_devices xc7a35t_0]
current_hw_device [get_hw_devices xc7a35t_0]
refresh_hw_device -update_hw_probes false [lindex [get_hw_devices xc7a35t_0] 0]
INFO: [Labtools 27-1434] Device xc7a35t (JTAG device index = 0) is programmed with a design that has no supported debug core(s) in it.
set_property PROBES.FILE {} [get_hw_devices xc7a35t_0]
set_property FULL_PROBES.FILE {} [get_hw_devices xc7a35t_0]
set_property PROGRAM.FILE {D:/Github/Monitorias_ElectronicaDigital/Pre-Parcial/03-Taller PreParcial/Punto3/count_mod10/count_mod10.runs/impl_1/TOP.bit} [get_hw_devices xc7a35t_0]
program_hw_devices [get_hw_devices xc7a35t_0]
INFO: [Labtools 27-3164] End of startup status: HIGH
refresh_hw_device [lindex [get_hw_devices xc7a35t_0] 0]
INFO: [Labtools 27-1434] Device xc7a35t (JTAG device index = 0) is programmed with a design that has no supported debug core(s) in it.
set_property PROBES.FILE {} [get_hw_devices xc7a35t_0]
set_property FULL_PROBES.FILE {} [get_hw_devices xc7a35t_0]
set_property PROGRAM.FILE {D:/Github/Monitorias_ElectronicaDigital/Pre-Parcial/03-Taller PreParcial/Punto3/count_mod10/count_mod10.runs/impl_1/TOP.bit} [get_hw_devices xc7a35t_0]
program_hw_devices [get_hw_devices xc7a35t_0]
INFO: [Labtools 27-3164] End of startup status: HIGH
refresh_hw_device [lindex [get_hw_devices xc7a35t_0] 0]
INFO: [Labtools 27-1434] Device xc7a35t (JTAG device index = 0) is programmed with a design that has no supported debug core(s) in it.
WARNING: [filemgmt 56-199] Attempt to get parsing info during refresh. "On-the-fly" syntax checking information may be incorrect. [D:\Github\Monitorias_ElectronicaDigital\Pre-Parcial\03-Taller PreParcial\Punto3\count_mod10\count_mod10.srcs\sources_1\new\Reloj_1Hz.vhd:]
WARNING: [filemgmt 56-199] Attempt to get parsing info during refresh. "On-the-fly" syntax checking information may be incorrect. [D:\Github\Monitorias_ElectronicaDigital\Pre-Parcial\03-Taller PreParcial\Punto3\count_mod10\count_mod10.srcs\sources_1\new\TOP.vhd:]
WARNING: [filemgmt 56-199] Attempt to get parsing info during refresh. "On-the-fly" syntax checking information may be incorrect. [D:\Github\Monitorias_ElectronicaDigital\Pre-Parcial\03-Taller PreParcial\Punto3\count_mod10\count_mod10.srcs\sources_1\new\CountMod10.vhd:]
WARNING: [filemgmt 56-199] Attempt to get parsing info during refresh. "On-the-fly" syntax checking information may be incorrect. [D:\Github\Monitorias_ElectronicaDigital\Pre-Parcial\03-Taller PreParcial\Punto3\count_mod10\count_mod10.srcs\sources_1\new\CountMod10.vhd:]
WARNING: [filemgmt 56-199] Attempt to get parsing info during refresh. "On-the-fly" syntax checking information may be incorrect. [D:\Github\Monitorias_ElectronicaDigital\Pre-Parcial\03-Taller PreParcial\Punto3\count_mod10\count_mod10.srcs\sources_1\new\CountMod10.vhd:]
WARNING: [filemgmt 56-199] Attempt to get parsing info during refresh. "On-the-fly" syntax checking information may be incorrect. [D:\Github\Monitorias_ElectronicaDigital\Pre-Parcial\03-Taller PreParcial\Punto3\count_mod10\count_mod10.srcs\sources_1\new\Reloj_1Hz.vhd:]
WARNING: [filemgmt 56-199] Attempt to get parsing info during refresh. "On-the-fly" syntax checking information may be incorrect. [D:\Github\Monitorias_ElectronicaDigital\Pre-Parcial\03-Taller PreParcial\Punto3\count_mod10\count_mod10.srcs\sources_1\new\TOP.vhd:]
WARNING: [filemgmt 56-199] Attempt to get parsing info during refresh. "On-the-fly" syntax checking information may be incorrect. [D:\Github\Monitorias_ElectronicaDigital\Pre-Parcial\03-Taller PreParcial\Punto3\count_mod10\count_mod10.srcs\sources_1\new\CountMod10.vhd:]
WARNING: [filemgmt 56-199] Attempt to get parsing info during refresh. "On-the-fly" syntax checking information may be incorrect. [D:\Github\Monitorias_ElectronicaDigital\Pre-Parcial\03-Taller PreParcial\Punto3\count_mod10\count_mod10.srcs\sources_1\new\Reloj_1Hz.vhd:]
WARNING: [filemgmt 56-199] Attempt to get parsing info during refresh. "On-the-fly" syntax checking information may be incorrect. [D:\Github\Monitorias_ElectronicaDigital\Pre-Parcial\03-Taller PreParcial\Punto3\count_mod10\count_mod10.srcs\sources_1\new\Reloj_1Hz.vhd:]
reset_run synth_1
INFO: [Project 1-1161] Replacing file D:/Github/Monitorias_ElectronicaDigital/Pre-Parcial/03-Taller PreParcial/Punto3/count_mod10/count_mod10.srcs/utils_1/imports/synth_1/TOP.dcp with file D:/Github/Monitorias_ElectronicaDigital/Pre-Parcial/03-Taller PreParcial/Punto3/count_mod10/count_mod10.runs/synth_1/TOP.dcp
launch_runs synth_1 -jobs 6
[Thu Aug 29 15:59:53 2024] Launched synth_1...
Run output will be captured here: D:/Github/Monitorias_ElectronicaDigital/Pre-Parcial/03-Taller PreParcial/Punto3/count_mod10/count_mod10.runs/synth_1/runme.log
WARNING: [filemgmt 56-199] Attempt to get parsing info during refresh. "On-the-fly" syntax checking information may be incorrect. [D:\Github\Monitorias_ElectronicaDigital\Pre-Parcial\03-Taller PreParcial\Punto3\count_mod10\count_mod10.srcs\sources_1\new\Reloj_1Hz.vhd:]
WARNING: [filemgmt 56-199] Attempt to get parsing info during refresh. "On-the-fly" syntax checking information may be incorrect. [D:\Github\Monitorias_ElectronicaDigital\Pre-Parcial\03-Taller PreParcial\Punto3\count_mod10\count_mod10.srcs\sources_1\new\TOP.vhd:]
WARNING: [filemgmt 56-199] Attempt to get parsing info during refresh. "On-the-fly" syntax checking information may be incorrect. [D:\Github\Monitorias_ElectronicaDigital\Pre-Parcial\03-Taller PreParcial\Punto3\count_mod10\count_mod10.srcs\sources_1\new\CountMod10.vhd:]
WARNING: [filemgmt 56-199] Attempt to get parsing info during refresh. "On-the-fly" syntax checking information may be incorrect. [D:\Github\Monitorias_ElectronicaDigital\Pre-Parcial\03-Taller PreParcial\Punto3\count_mod10\count_mod10.srcs\sources_1\new\CountMod10.vhd:]
WARNING: [filemgmt 56-199] Attempt to get parsing info during refresh. "On-the-fly" syntax checking information may be incorrect. [D:\Github\Monitorias_ElectronicaDigital\Pre-Parcial\03-Taller PreParcial\Punto3\count_mod10\count_mod10.srcs\sources_1\new\CountMod10.vhd:]
WARNING: [filemgmt 56-199] Attempt to get parsing info during refresh. "On-the-fly" syntax checking information may be incorrect. [D:\Github\Monitorias_ElectronicaDigital\Pre-Parcial\03-Taller PreParcial\Punto3\count_mod10\count_mod10.srcs\sources_1\new\Reloj_1Hz.vhd:]
WARNING: [filemgmt 56-199] Attempt to get parsing info during refresh. "On-the-fly" syntax checking information may be incorrect. [D:\Github\Monitorias_ElectronicaDigital\Pre-Parcial\03-Taller PreParcial\Punto3\count_mod10\count_mod10.srcs\sources_1\new\TOP.vhd:]
WARNING: [filemgmt 56-199] Attempt to get parsing info during refresh. "On-the-fly" syntax checking information may be incorrect. [D:\Github\Monitorias_ElectronicaDigital\Pre-Parcial\03-Taller PreParcial\Punto3\count_mod10\count_mod10.srcs\sources_1\new\CountMod10.vhd:]
WARNING: [filemgmt 56-199] Attempt to get parsing info during refresh. "On-the-fly" syntax checking information may be incorrect. [D:\Github\Monitorias_ElectronicaDigital\Pre-Parcial\03-Taller PreParcial\Punto3\count_mod10\count_mod10.srcs\sources_1\new\Reloj_1Hz.vhd:]
WARNING: [filemgmt 56-199] Attempt to get parsing info during refresh. "On-the-fly" syntax checking information may be incorrect. [D:\Github\Monitorias_ElectronicaDigital\Pre-Parcial\03-Taller PreParcial\Punto3\count_mod10\count_mod10.srcs\sources_1\new\Reloj_1Hz.vhd:]
launch_runs impl_1 -jobs 6
[Thu Aug 29 16:01:35 2024] Launched impl_1...
Run output will be captured here: D:/Github/Monitorias_ElectronicaDigital/Pre-Parcial/03-Taller PreParcial/Punto3/count_mod10/count_mod10.runs/impl_1/runme.log
reset_run synth_1
INFO: [Project 1-1161] Replacing file D:/Github/Monitorias_ElectronicaDigital/Pre-Parcial/03-Taller PreParcial/Punto3/count_mod10/count_mod10.srcs/utils_1/imports/synth_1/TOP.dcp with file D:/Github/Monitorias_ElectronicaDigital/Pre-Parcial/03-Taller PreParcial/Punto3/count_mod10/count_mod10.runs/synth_1/TOP.dcp
WARNING: [filemgmt 56-199] Attempt to get parsing info during refresh. "On-the-fly" syntax checking information may be incorrect. [D:\Github\Monitorias_ElectronicaDigital\Pre-Parcial\03-Taller PreParcial\Punto3\count_mod10\count_mod10.srcs\sources_1\new\Reloj_1Hz.vhd:]
WARNING: [filemgmt 56-199] Attempt to get parsing info during refresh. "On-the-fly" syntax checking information may be incorrect. [D:\Github\Monitorias_ElectronicaDigital\Pre-Parcial\03-Taller PreParcial\Punto3\count_mod10\count_mod10.srcs\sources_1\new\TOP.vhd:]
WARNING: [filemgmt 56-199] Attempt to get parsing info during refresh. "On-the-fly" syntax checking information may be incorrect. [D:\Github\Monitorias_ElectronicaDigital\Pre-Parcial\03-Taller PreParcial\Punto3\count_mod10\count_mod10.srcs\sources_1\new\CountMod10.vhd:]
WARNING: [filemgmt 56-199] Attempt to get parsing info during refresh. "On-the-fly" syntax checking information may be incorrect. [D:\Github\Monitorias_ElectronicaDigital\Pre-Parcial\03-Taller PreParcial\Punto3\count_mod10\count_mod10.srcs\sources_1\new\CountMod10.vhd:]
WARNING: [filemgmt 56-199] Attempt to get parsing info during refresh. "On-the-fly" syntax checking information may be incorrect. [D:\Github\Monitorias_ElectronicaDigital\Pre-Parcial\03-Taller PreParcial\Punto3\count_mod10\count_mod10.srcs\sources_1\new\CountMod10.vhd:]
launch_runs synth_1 -jobs 6
WARNING: [filemgmt 56-199] Attempt to get parsing info during refresh. "On-the-fly" syntax checking information may be incorrect. [D:\Github\Monitorias_ElectronicaDigital\Pre-Parcial\03-Taller PreParcial\Punto3\count_mod10\count_mod10.srcs\sources_1\new\Reloj_1Hz.vhd:]
WARNING: [filemgmt 56-199] Attempt to get parsing info during refresh. "On-the-fly" syntax checking information may be incorrect. [D:\Github\Monitorias_ElectronicaDigital\Pre-Parcial\03-Taller PreParcial\Punto3\count_mod10\count_mod10.srcs\sources_1\new\TOP.vhd:]
WARNING: [filemgmt 56-199] Attempt to get parsing info during refresh. "On-the-fly" syntax checking information may be incorrect. [D:\Github\Monitorias_ElectronicaDigital\Pre-Parcial\03-Taller PreParcial\Punto3\count_mod10\count_mod10.srcs\sources_1\new\CountMod10.vhd:]
WARNING: [filemgmt 56-199] Attempt to get parsing info during refresh. "On-the-fly" syntax checking information may be incorrect. [D:\Github\Monitorias_ElectronicaDigital\Pre-Parcial\03-Taller PreParcial\Punto3\count_mod10\count_mod10.srcs\sources_1\new\Reloj_1Hz.vhd:]
WARNING: [filemgmt 56-199] Attempt to get parsing info during refresh. "On-the-fly" syntax checking information may be incorrect. [D:\Github\Monitorias_ElectronicaDigital\Pre-Parcial\03-Taller PreParcial\Punto3\count_mod10\count_mod10.srcs\sources_1\new\Reloj_1Hz.vhd:]
[Thu Aug 29 16:04:43 2024] Launched synth_1...
Run output will be captured here: D:/Github/Monitorias_ElectronicaDigital/Pre-Parcial/03-Taller PreParcial/Punto3/count_mod10/count_mod10.runs/synth_1/runme.log
launch_runs impl_1 -jobs 6
[Thu Aug 29 16:06:19 2024] Launched impl_1...
Run output will be captured here: D:/Github/Monitorias_ElectronicaDigital/Pre-Parcial/03-Taller PreParcial/Punto3/count_mod10/count_mod10.runs/impl_1/runme.log
launch_runs impl_1 -to_step write_bitstream -jobs 6
[Thu Aug 29 16:08:18 2024] Launched impl_1...
Run output will be captured here: D:/Github/Monitorias_ElectronicaDigital/Pre-Parcial/03-Taller PreParcial/Punto3/count_mod10/count_mod10.runs/impl_1/runme.log
set_property PROBES.FILE {} [get_hw_devices xc7a35t_0]
set_property FULL_PROBES.FILE {} [get_hw_devices xc7a35t_0]
set_property PROGRAM.FILE {D:/Github/Monitorias_ElectronicaDigital/Pre-Parcial/03-Taller PreParcial/Punto3/count_mod10/count_mod10.runs/impl_1/TOP.bit} [get_hw_devices xc7a35t_0]
program_hw_devices [get_hw_devices xc7a35t_0]
INFO: [Labtools 27-3164] End of startup status: HIGH
refresh_hw_device [lindex [get_hw_devices xc7a35t_0] 0]
INFO: [Labtools 27-1434] Device xc7a35t (JTAG device index = 0) is programmed with a design that has no supported debug core(s) in it.
set_property PROBES.FILE {} [get_hw_devices xc7a35t_0]
set_property FULL_PROBES.FILE {} [get_hw_devices xc7a35t_0]
set_property PROGRAM.FILE {D:/Github/Monitorias_ElectronicaDigital/Pre-Parcial/03-Taller PreParcial/Punto3/count_mod10/count_mod10.runs/impl_1/TOP.bit} [get_hw_devices xc7a35t_0]
program_hw_devices [get_hw_devices xc7a35t_0]
INFO: [Labtools 27-3164] End of startup status: HIGH
refresh_hw_device [lindex [get_hw_devices xc7a35t_0] 0]
INFO: [Labtools 27-1434] Device xc7a35t (JTAG device index = 0) is programmed with a design that has no supported debug core(s) in it.
set_property PROBES.FILE {} [get_hw_devices xc7a35t_0]
set_property FULL_PROBES.FILE {} [get_hw_devices xc7a35t_0]
set_property PROGRAM.FILE {D:/Github/Monitorias_ElectronicaDigital/Pre-Parcial/03-Taller PreParcial/Punto3/count_mod10/count_mod10.runs/impl_1/TOP.bit} [get_hw_devices xc7a35t_0]
program_hw_devices [get_hw_devices xc7a35t_0]
INFO: [Labtools 27-3164] End of startup status: HIGH
refresh_hw_device [lindex [get_hw_devices xc7a35t_0] 0]
INFO: [Labtools 27-1434] Device xc7a35t (JTAG device index = 0) is programmed with a design that has no supported debug core(s) in it.
reset_run synth_1
INFO: [Project 1-1161] Replacing file D:/Github/Monitorias_ElectronicaDigital/Pre-Parcial/03-Taller PreParcial/Punto3/count_mod10/count_mod10.srcs/utils_1/imports/synth_1/TOP.dcp with file D:/Github/Monitorias_ElectronicaDigital/Pre-Parcial/03-Taller PreParcial/Punto3/count_mod10/count_mod10.runs/synth_1/TOP.dcp
WARNING: [filemgmt 56-199] Attempt to get parsing info during refresh. "On-the-fly" syntax checking information may be incorrect. [D:\Github\Monitorias_ElectronicaDigital\Pre-Parcial\03-Taller PreParcial\Punto3\count_mod10\count_mod10.srcs\sources_1\new\Reloj_1Hz.vhd:]
WARNING: [filemgmt 56-199] Attempt to get parsing info during refresh. "On-the-fly" syntax checking information may be incorrect. [D:\Github\Monitorias_ElectronicaDigital\Pre-Parcial\03-Taller PreParcial\Punto3\count_mod10\count_mod10.srcs\sources_1\new\TOP.vhd:]
WARNING: [filemgmt 56-199] Attempt to get parsing info during refresh. "On-the-fly" syntax checking information may be incorrect. [D:\Github\Monitorias_ElectronicaDigital\Pre-Parcial\03-Taller PreParcial\Punto3\count_mod10\count_mod10.srcs\sources_1\new\CountMod10.vhd:]
WARNING: [filemgmt 56-199] Attempt to get parsing info during refresh. "On-the-fly" syntax checking information may be incorrect. [D:\Github\Monitorias_ElectronicaDigital\Pre-Parcial\03-Taller PreParcial\Punto3\count_mod10\count_mod10.srcs\sources_1\new\CountMod10.vhd:]
WARNING: [filemgmt 56-199] Attempt to get parsing info during refresh. "On-the-fly" syntax checking information may be incorrect. [D:\Github\Monitorias_ElectronicaDigital\Pre-Parcial\03-Taller PreParcial\Punto3\count_mod10\count_mod10.srcs\sources_1\new\CountMod10.vhd:]
launch_runs synth_1 -jobs 6
WARNING: [filemgmt 56-199] Attempt to get parsing info during refresh. "On-the-fly" syntax checking information may be incorrect. [D:\Github\Monitorias_ElectronicaDigital\Pre-Parcial\03-Taller PreParcial\Punto3\count_mod10\count_mod10.srcs\sources_1\new\Reloj_1Hz.vhd:]
WARNING: [filemgmt 56-199] Attempt to get parsing info during refresh. "On-the-fly" syntax checking information may be incorrect. [D:\Github\Monitorias_ElectronicaDigital\Pre-Parcial\03-Taller PreParcial\Punto3\count_mod10\count_mod10.srcs\sources_1\new\TOP.vhd:]
WARNING: [filemgmt 56-199] Attempt to get parsing info during refresh. "On-the-fly" syntax checking information may be incorrect. [D:\Github\Monitorias_ElectronicaDigital\Pre-Parcial\03-Taller PreParcial\Punto3\count_mod10\count_mod10.srcs\sources_1\new\CountMod10.vhd:]
WARNING: [filemgmt 56-199] Attempt to get parsing info during refresh. "On-the-fly" syntax checking information may be incorrect. [D:\Github\Monitorias_ElectronicaDigital\Pre-Parcial\03-Taller PreParcial\Punto3\count_mod10\count_mod10.srcs\sources_1\new\Reloj_1Hz.vhd:]
WARNING: [filemgmt 56-199] Attempt to get parsing info during refresh. "On-the-fly" syntax checking information may be incorrect. [D:\Github\Monitorias_ElectronicaDigital\Pre-Parcial\03-Taller PreParcial\Punto3\count_mod10\count_mod10.srcs\sources_1\new\Reloj_1Hz.vhd:]
WARNING: [filemgmt 56-199] Attempt to get parsing info during refresh. "On-the-fly" syntax checking information may be incorrect. [D:\Github\Monitorias_ElectronicaDigital\Pre-Parcial\03-Taller PreParcial\Punto3\count_mod10\count_mod10.srcs\sources_1\new\Reloj_1Hz.vhd:]
WARNING: [filemgmt 56-199] Attempt to get parsing info during refresh. "On-the-fly" syntax checking information may be incorrect. [D:\Github\Monitorias_ElectronicaDigital\Pre-Parcial\03-Taller PreParcial\Punto3\count_mod10\count_mod10.srcs\sources_1\new\TOP.vhd:]
WARNING: [filemgmt 56-199] Attempt to get parsing info during refresh. "On-the-fly" syntax checking information may be incorrect. [D:\Github\Monitorias_ElectronicaDigital\Pre-Parcial\03-Taller PreParcial\Punto3\count_mod10\count_mod10.srcs\sources_1\new\CountMod10.vhd:]
WARNING: [filemgmt 56-199] Attempt to get parsing info during refresh. "On-the-fly" syntax checking information may be incorrect. [D:\Github\Monitorias_ElectronicaDigital\Pre-Parcial\03-Taller PreParcial\Punto3\count_mod10\count_mod10.srcs\sources_1\new\CountMod10.vhd:]
WARNING: [filemgmt 56-199] Attempt to get parsing info during refresh. "On-the-fly" syntax checking information may be incorrect. [D:\Github\Monitorias_ElectronicaDigital\Pre-Parcial\03-Taller PreParcial\Punto3\count_mod10\count_mod10.srcs\sources_1\new\CountMod10.vhd:]
WARNING: [filemgmt 56-199] Attempt to get parsing info during refresh. "On-the-fly" syntax checking information may be incorrect. [D:\Github\Monitorias_ElectronicaDigital\Pre-Parcial\03-Taller PreParcial\Punto3\count_mod10\count_mod10.srcs\sources_1\new\Reloj_1Hz.vhd:]
WARNING: [filemgmt 56-199] Attempt to get parsing info during refresh. "On-the-fly" syntax checking information may be incorrect. [D:\Github\Monitorias_ElectronicaDigital\Pre-Parcial\03-Taller PreParcial\Punto3\count_mod10\count_mod10.srcs\sources_1\new\TOP.vhd:]
WARNING: [filemgmt 56-199] Attempt to get parsing info during refresh. "On-the-fly" syntax checking information may be incorrect. [D:\Github\Monitorias_ElectronicaDigital\Pre-Parcial\03-Taller PreParcial\Punto3\count_mod10\count_mod10.srcs\sources_1\new\CountMod10.vhd:]
WARNING: [filemgmt 56-199] Attempt to get parsing info during refresh. "On-the-fly" syntax checking information may be incorrect. [D:\Github\Monitorias_ElectronicaDigital\Pre-Parcial\03-Taller PreParcial\Punto3\count_mod10\count_mod10.srcs\sources_1\new\TOP.vhd:]
WARNING: [filemgmt 56-199] Attempt to get parsing info during refresh. "On-the-fly" syntax checking information may be incorrect. [D:\Github\Monitorias_ElectronicaDigital\Pre-Parcial\03-Taller PreParcial\Punto3\count_mod10\count_mod10.srcs\sources_1\new\TOP.vhd:]
[Thu Aug 29 16:16:44 2024] Launched synth_1...
Run output will be captured here: D:/Github/Monitorias_ElectronicaDigital/Pre-Parcial/03-Taller PreParcial/Punto3/count_mod10/count_mod10.runs/synth_1/runme.log
ERROR: [Common 17-180] Spawn failed: No error
WARNING: [filemgmt 56-199] Attempt to get parsing info during refresh. "On-the-fly" syntax checking information may be incorrect. [D:\Github\Monitorias_ElectronicaDigital\Pre-Parcial\03-Taller PreParcial\Punto3\count_mod10\count_mod10.srcs\sources_1\new\Reloj_1Hz.vhd:]
WARNING: [filemgmt 56-199] Attempt to get parsing info during refresh. "On-the-fly" syntax checking information may be incorrect. [D:\Github\Monitorias_ElectronicaDigital\Pre-Parcial\03-Taller PreParcial\Punto3\count_mod10\count_mod10.srcs\sources_1\new\TOP.vhd:]
WARNING: [filemgmt 56-199] Attempt to get parsing info during refresh. "On-the-fly" syntax checking information may be incorrect. [D:\Github\Monitorias_ElectronicaDigital\Pre-Parcial\03-Taller PreParcial\Punto3\count_mod10\count_mod10.srcs\sources_1\new\CountMod10.vhd:]
WARNING: [filemgmt 56-199] Attempt to get parsing info during refresh. "On-the-fly" syntax checking information may be incorrect. [D:\Github\Monitorias_ElectronicaDigital\Pre-Parcial\03-Taller PreParcial\Punto3\count_mod10\count_mod10.srcs\sources_1\new\Reloj_1Hz.vhd:]
WARNING: [filemgmt 56-199] Attempt to get parsing info during refresh. "On-the-fly" syntax checking information may be incorrect. [D:\Github\Monitorias_ElectronicaDigital\Pre-Parcial\03-Taller PreParcial\Punto3\count_mod10\count_mod10.srcs\sources_1\new\Reloj_1Hz.vhd:]
ERROR: [Common 17-180] Spawn failed: No error
launch_runs impl_1 -jobs 6
[Thu Aug 29 16:18:18 2024] Launched impl_1...
Run output will be captured here: D:/Github/Monitorias_ElectronicaDigital/Pre-Parcial/03-Taller PreParcial/Punto3/count_mod10/count_mod10.runs/impl_1/runme.log
launch_runs impl_1 -to_step write_bitstream -jobs 6
[Thu Aug 29 16:20:39 2024] Launched impl_1...
Run output will be captured here: D:/Github/Monitorias_ElectronicaDigital/Pre-Parcial/03-Taller PreParcial/Punto3/count_mod10/count_mod10.runs/impl_1/runme.log
set_property PROBES.FILE {} [get_hw_devices xc7a35t_0]
set_property FULL_PROBES.FILE {} [get_hw_devices xc7a35t_0]
set_property PROGRAM.FILE {D:/Github/Monitorias_ElectronicaDigital/Pre-Parcial/03-Taller PreParcial/Punto3/count_mod10/count_mod10.runs/impl_1/TOP.bit} [get_hw_devices xc7a35t_0]
program_hw_devices [get_hw_devices xc7a35t_0]
INFO: [Labtools 27-3164] End of startup status: HIGH
refresh_hw_device [lindex [get_hw_devices xc7a35t_0] 0]
INFO: [Labtools 27-1434] Device xc7a35t (JTAG device index = 0) is programmed with a design that has no supported debug core(s) in it.
reset_run synth_1
INFO: [Project 1-1161] Replacing file D:/Github/Monitorias_ElectronicaDigital/Pre-Parcial/03-Taller PreParcial/Punto3/count_mod10/count_mod10.srcs/utils_1/imports/synth_1/TOP.dcp with file D:/Github/Monitorias_ElectronicaDigital/Pre-Parcial/03-Taller PreParcial/Punto3/count_mod10/count_mod10.runs/synth_1/TOP.dcp
WARNING: [filemgmt 56-199] Attempt to get parsing info during refresh. "On-the-fly" syntax checking information may be incorrect. [D:\Github\Monitorias_ElectronicaDigital\Pre-Parcial\03-Taller PreParcial\Punto3\count_mod10\count_mod10.srcs\sources_1\new\Reloj_1Hz.vhd:]
WARNING: [filemgmt 56-199] Attempt to get parsing info during refresh. "On-the-fly" syntax checking information may be incorrect. [D:\Github\Monitorias_ElectronicaDigital\Pre-Parcial\03-Taller PreParcial\Punto3\count_mod10\count_mod10.srcs\sources_1\new\TOP.vhd:]
WARNING: [filemgmt 56-199] Attempt to get parsing info during refresh. "On-the-fly" syntax checking information may be incorrect. [D:\Github\Monitorias_ElectronicaDigital\Pre-Parcial\03-Taller PreParcial\Punto3\count_mod10\count_mod10.srcs\sources_1\new\CountMod10.vhd:]
WARNING: [filemgmt 56-199] Attempt to get parsing info during refresh. "On-the-fly" syntax checking information may be incorrect. [D:\Github\Monitorias_ElectronicaDigital\Pre-Parcial\03-Taller PreParcial\Punto3\count_mod10\count_mod10.srcs\sources_1\new\CountMod10.vhd:]
WARNING: [filemgmt 56-199] Attempt to get parsing info during refresh. "On-the-fly" syntax checking information may be incorrect. [D:\Github\Monitorias_ElectronicaDigital\Pre-Parcial\03-Taller PreParcial\Punto3\count_mod10\count_mod10.srcs\sources_1\new\CountMod10.vhd:]
launch_runs synth_1 -jobs 6
WARNING: [filemgmt 56-199] Attempt to get parsing info during refresh. "On-the-fly" syntax checking information may be incorrect. [D:\Github\Monitorias_ElectronicaDigital\Pre-Parcial\03-Taller PreParcial\Punto3\count_mod10\count_mod10.srcs\sources_1\new\Reloj_1Hz.vhd:]
WARNING: [filemgmt 56-199] Attempt to get parsing info during refresh. "On-the-fly" syntax checking information may be incorrect. [D:\Github\Monitorias_ElectronicaDigital\Pre-Parcial\03-Taller PreParcial\Punto3\count_mod10\count_mod10.srcs\sources_1\new\TOP.vhd:]
WARNING: [filemgmt 56-199] Attempt to get parsing info during refresh. "On-the-fly" syntax checking information may be incorrect. [D:\Github\Monitorias_ElectronicaDigital\Pre-Parcial\03-Taller PreParcial\Punto3\count_mod10\count_mod10.srcs\sources_1\new\CountMod10.vhd:]
WARNING: [filemgmt 56-199] Attempt to get parsing info during refresh. "On-the-fly" syntax checking information may be incorrect. [D:\Github\Monitorias_ElectronicaDigital\Pre-Parcial\03-Taller PreParcial\Punto3\count_mod10\count_mod10.srcs\sources_1\new\Reloj_1Hz.vhd:]
WARNING: [filemgmt 56-199] Attempt to get parsing info during refresh. "On-the-fly" syntax checking information may be incorrect. [D:\Github\Monitorias_ElectronicaDigital\Pre-Parcial\03-Taller PreParcial\Punto3\count_mod10\count_mod10.srcs\sources_1\new\Reloj_1Hz.vhd:]
WARNING: [filemgmt 56-199] Attempt to get parsing info during refresh. "On-the-fly" syntax checking information may be incorrect. [D:\Github\Monitorias_ElectronicaDigital\Pre-Parcial\03-Taller PreParcial\Punto3\count_mod10\count_mod10.srcs\sources_1\new\Reloj_1Hz.vhd:]
WARNING: [filemgmt 56-199] Attempt to get parsing info during refresh. "On-the-fly" syntax checking information may be incorrect. [D:\Github\Monitorias_ElectronicaDigital\Pre-Parcial\03-Taller PreParcial\Punto3\count_mod10\count_mod10.srcs\sources_1\new\TOP.vhd:]
WARNING: [filemgmt 56-199] Attempt to get parsing info during refresh. "On-the-fly" syntax checking information may be incorrect. [D:\Github\Monitorias_ElectronicaDigital\Pre-Parcial\03-Taller PreParcial\Punto3\count_mod10\count_mod10.srcs\sources_1\new\CountMod10.vhd:]
WARNING: [filemgmt 56-199] Attempt to get parsing info during refresh. "On-the-fly" syntax checking information may be incorrect. [D:\Github\Monitorias_ElectronicaDigital\Pre-Parcial\03-Taller PreParcial\Punto3\count_mod10\count_mod10.srcs\sources_1\new\CountMod10.vhd:]
WARNING: [filemgmt 56-199] Attempt to get parsing info during refresh. "On-the-fly" syntax checking information may be incorrect. [D:\Github\Monitorias_ElectronicaDigital\Pre-Parcial\03-Taller PreParcial\Punto3\count_mod10\count_mod10.srcs\sources_1\new\CountMod10.vhd:]
WARNING: [filemgmt 56-199] Attempt to get parsing info during refresh. "On-the-fly" syntax checking information may be incorrect. [D:\Github\Monitorias_ElectronicaDigital\Pre-Parcial\03-Taller PreParcial\Punto3\count_mod10\count_mod10.srcs\sources_1\new\Reloj_1Hz.vhd:]
WARNING: [filemgmt 56-199] Attempt to get parsing info during refresh. "On-the-fly" syntax checking information may be incorrect. [D:\Github\Monitorias_ElectronicaDigital\Pre-Parcial\03-Taller PreParcial\Punto3\count_mod10\count_mod10.srcs\sources_1\new\TOP.vhd:]
WARNING: [filemgmt 56-199] Attempt to get parsing info during refresh. "On-the-fly" syntax checking information may be incorrect. [D:\Github\Monitorias_ElectronicaDigital\Pre-Parcial\03-Taller PreParcial\Punto3\count_mod10\count_mod10.srcs\sources_1\new\CountMod10.vhd:]
WARNING: [filemgmt 56-199] Attempt to get parsing info during refresh. "On-the-fly" syntax checking information may be incorrect. [D:\Github\Monitorias_ElectronicaDigital\Pre-Parcial\03-Taller PreParcial\Punto3\count_mod10\count_mod10.srcs\sources_1\new\TOP.vhd:]
WARNING: [filemgmt 56-199] Attempt to get parsing info during refresh. "On-the-fly" syntax checking information may be incorrect. [D:\Github\Monitorias_ElectronicaDigital\Pre-Parcial\03-Taller PreParcial\Punto3\count_mod10\count_mod10.srcs\sources_1\new\TOP.vhd:]
ERROR: [Common 17-180] Spawn failed: No error
WARNING: [filemgmt 56-199] Attempt to get parsing info during refresh. "On-the-fly" syntax checking information may be incorrect. [D:\Github\Monitorias_ElectronicaDigital\Pre-Parcial\03-Taller PreParcial\Punto3\count_mod10\count_mod10.srcs\sources_1\new\Reloj_1Hz.vhd:]
WARNING: [filemgmt 56-199] Attempt to get parsing info during refresh. "On-the-fly" syntax checking information may be incorrect. [D:\Github\Monitorias_ElectronicaDigital\Pre-Parcial\03-Taller PreParcial\Punto3\count_mod10\count_mod10.srcs\sources_1\new\TOP.vhd:]
WARNING: [filemgmt 56-199] Attempt to get parsing info during refresh. "On-the-fly" syntax checking information may be incorrect. [D:\Github\Monitorias_ElectronicaDigital\Pre-Parcial\03-Taller PreParcial\Punto3\count_mod10\count_mod10.srcs\sources_1\new\CountMod10.vhd:]
WARNING: [filemgmt 56-199] Attempt to get parsing info during refresh. "On-the-fly" syntax checking information may be incorrect. [D:\Github\Monitorias_ElectronicaDigital\Pre-Parcial\03-Taller PreParcial\Punto3\count_mod10\count_mod10.srcs\sources_1\new\Reloj_1Hz.vhd:]
WARNING: [filemgmt 56-199] Attempt to get parsing info during refresh. "On-the-fly" syntax checking information may be incorrect. [D:\Github\Monitorias_ElectronicaDigital\Pre-Parcial\03-Taller PreParcial\Punto3\count_mod10\count_mod10.srcs\sources_1\new\Reloj_1Hz.vhd:]
ERROR: [Common 17-180] Spawn failed: No error
ERROR: [Vivado 12-4756] Launch of runs aborted due to earlier errors while preparing sub-designs for run execution.
launch_runs synth_1 -jobs 6
[Thu Aug 29 16:25:54 2024] Launched synth_1...
Run output will be captured here: D:/Github/Monitorias_ElectronicaDigital/Pre-Parcial/03-Taller PreParcial/Punto3/count_mod10/count_mod10.runs/synth_1/runme.log
launch_runs impl_1 -jobs 6
[Thu Aug 29 16:27:23 2024] Launched impl_1...
Run output will be captured here: D:/Github/Monitorias_ElectronicaDigital/Pre-Parcial/03-Taller PreParcial/Punto3/count_mod10/count_mod10.runs/impl_1/runme.log
launch_runs impl_1 -to_step write_bitstream -jobs 6
[Thu Aug 29 16:30:06 2024] Launched impl_1...
Run output will be captured here: D:/Github/Monitorias_ElectronicaDigital/Pre-Parcial/03-Taller PreParcial/Punto3/count_mod10/count_mod10.runs/impl_1/runme.log
set_property PROBES.FILE {} [get_hw_devices xc7a35t_0]
set_property FULL_PROBES.FILE {} [get_hw_devices xc7a35t_0]
set_property PROGRAM.FILE {D:/Github/Monitorias_ElectronicaDigital/Pre-Parcial/03-Taller PreParcial/Punto3/count_mod10/count_mod10.runs/impl_1/TOP.bit} [get_hw_devices xc7a35t_0]
program_hw_devices [get_hw_devices xc7a35t_0]
INFO: [Labtools 27-3164] End of startup status: HIGH
refresh_hw_device [lindex [get_hw_devices xc7a35t_0] 0]
INFO: [Labtools 27-1434] Device xc7a35t (JTAG device index = 0) is programmed with a design that has no supported debug core(s) in it.
reset_run synth_1
INFO: [Project 1-1161] Replacing file D:/Github/Monitorias_ElectronicaDigital/Pre-Parcial/03-Taller PreParcial/Punto3/count_mod10/count_mod10.srcs/utils_1/imports/synth_1/TOP.dcp with file D:/Github/Monitorias_ElectronicaDigital/Pre-Parcial/03-Taller PreParcial/Punto3/count_mod10/count_mod10.runs/synth_1/TOP.dcp
WARNING: [filemgmt 56-199] Attempt to get parsing info during refresh. "On-the-fly" syntax checking information may be incorrect. [D:\Github\Monitorias_ElectronicaDigital\Pre-Parcial\03-Taller PreParcial\Punto3\count_mod10\count_mod10.srcs\sources_1\new\Reloj_1Hz.vhd:]
WARNING: [filemgmt 56-199] Attempt to get parsing info during refresh. "On-the-fly" syntax checking information may be incorrect. [D:\Github\Monitorias_ElectronicaDigital\Pre-Parcial\03-Taller PreParcial\Punto3\count_mod10\count_mod10.srcs\sources_1\new\TOP.vhd:]
WARNING: [filemgmt 56-199] Attempt to get parsing info during refresh. "On-the-fly" syntax checking information may be incorrect. [D:\Github\Monitorias_ElectronicaDigital\Pre-Parcial\03-Taller PreParcial\Punto3\count_mod10\count_mod10.srcs\sources_1\new\CountMod10.vhd:]
WARNING: [filemgmt 56-199] Attempt to get parsing info during refresh. "On-the-fly" syntax checking information may be incorrect. [D:\Github\Monitorias_ElectronicaDigital\Pre-Parcial\03-Taller PreParcial\Punto3\count_mod10\count_mod10.srcs\sources_1\new\CountMod10.vhd:]
WARNING: [filemgmt 56-199] Attempt to get parsing info during refresh. "On-the-fly" syntax checking information may be incorrect. [D:\Github\Monitorias_ElectronicaDigital\Pre-Parcial\03-Taller PreParcial\Punto3\count_mod10\count_mod10.srcs\sources_1\new\CountMod10.vhd:]
launch_runs synth_1 -jobs 6
WARNING: [filemgmt 56-199] Attempt to get parsing info during refresh. "On-the-fly" syntax checking information may be incorrect. [D:\Github\Monitorias_ElectronicaDigital\Pre-Parcial\03-Taller PreParcial\Punto3\count_mod10\count_mod10.srcs\sources_1\new\Reloj_1Hz.vhd:]
WARNING: [filemgmt 56-199] Attempt to get parsing info during refresh. "On-the-fly" syntax checking information may be incorrect. [D:\Github\Monitorias_ElectronicaDigital\Pre-Parcial\03-Taller PreParcial\Punto3\count_mod10\count_mod10.srcs\sources_1\new\TOP.vhd:]
WARNING: [filemgmt 56-199] Attempt to get parsing info during refresh. "On-the-fly" syntax checking information may be incorrect. [D:\Github\Monitorias_ElectronicaDigital\Pre-Parcial\03-Taller PreParcial\Punto3\count_mod10\count_mod10.srcs\sources_1\new\CountMod10.vhd:]
WARNING: [filemgmt 56-199] Attempt to get parsing info during refresh. "On-the-fly" syntax checking information may be incorrect. [D:\Github\Monitorias_ElectronicaDigital\Pre-Parcial\03-Taller PreParcial\Punto3\count_mod10\count_mod10.srcs\sources_1\new\TOP.vhd:]
WARNING: [filemgmt 56-199] Attempt to get parsing info during refresh. "On-the-fly" syntax checking information may be incorrect. [D:\Github\Monitorias_ElectronicaDigital\Pre-Parcial\03-Taller PreParcial\Punto3\count_mod10\count_mod10.srcs\sources_1\new\TOP.vhd:]
WARNING: [filemgmt 56-199] Attempt to get parsing info during refresh. "On-the-fly" syntax checking information may be incorrect. [D:\Github\Monitorias_ElectronicaDigital\Pre-Parcial\03-Taller PreParcial\Punto3\count_mod10\count_mod10.srcs\sources_1\new\Reloj_1Hz.vhd:]
WARNING: [filemgmt 56-199] Attempt to get parsing info during refresh. "On-the-fly" syntax checking information may be incorrect. [D:\Github\Monitorias_ElectronicaDigital\Pre-Parcial\03-Taller PreParcial\Punto3\count_mod10\count_mod10.srcs\sources_1\new\TOP.vhd:]
WARNING: [filemgmt 56-199] Attempt to get parsing info during refresh. "On-the-fly" syntax checking information may be incorrect. [D:\Github\Monitorias_ElectronicaDigital\Pre-Parcial\03-Taller PreParcial\Punto3\count_mod10\count_mod10.srcs\sources_1\new\CountMod10.vhd:]
WARNING: [filemgmt 56-199] Attempt to get parsing info during refresh. "On-the-fly" syntax checking information may be incorrect. [D:\Github\Monitorias_ElectronicaDigital\Pre-Parcial\03-Taller PreParcial\Punto3\count_mod10\count_mod10.srcs\sources_1\new\CountMod10.vhd:]
WARNING: [filemgmt 56-199] Attempt to get parsing info during refresh. "On-the-fly" syntax checking information may be incorrect. [D:\Github\Monitorias_ElectronicaDigital\Pre-Parcial\03-Taller PreParcial\Punto3\count_mod10\count_mod10.srcs\sources_1\new\CountMod10.vhd:]
WARNING: [filemgmt 56-199] Attempt to get parsing info during refresh. "On-the-fly" syntax checking information may be incorrect. [D:\Github\Monitorias_ElectronicaDigital\Pre-Parcial\03-Taller PreParcial\Punto3\count_mod10\count_mod10.srcs\sources_1\new\Reloj_1Hz.vhd:]
WARNING: [filemgmt 56-199] Attempt to get parsing info during refresh. "On-the-fly" syntax checking information may be incorrect. [D:\Github\Monitorias_ElectronicaDigital\Pre-Parcial\03-Taller PreParcial\Punto3\count_mod10\count_mod10.srcs\sources_1\new\TOP.vhd:]
WARNING: [filemgmt 56-199] Attempt to get parsing info during refresh. "On-the-fly" syntax checking information may be incorrect. [D:\Github\Monitorias_ElectronicaDigital\Pre-Parcial\03-Taller PreParcial\Punto3\count_mod10\count_mod10.srcs\sources_1\new\CountMod10.vhd:]
WARNING: [filemgmt 56-199] Attempt to get parsing info during refresh. "On-the-fly" syntax checking information may be incorrect. [D:\Github\Monitorias_ElectronicaDigital\Pre-Parcial\03-Taller PreParcial\Punto3\count_mod10\count_mod10.srcs\sources_1\new\Reloj_1Hz.vhd:]
WARNING: [filemgmt 56-199] Attempt to get parsing info during refresh. "On-the-fly" syntax checking information may be incorrect. [D:\Github\Monitorias_ElectronicaDigital\Pre-Parcial\03-Taller PreParcial\Punto3\count_mod10\count_mod10.srcs\sources_1\new\Reloj_1Hz.vhd:]
[Thu Aug 29 16:35:59 2024] Launched synth_1...
Run output will be captured here: D:/Github/Monitorias_ElectronicaDigital/Pre-Parcial/03-Taller PreParcial/Punto3/count_mod10/count_mod10.runs/synth_1/runme.log
ERROR: [Common 17-180] Spawn failed: No error
ERROR: [Common 17-180] Spawn failed: No error
reset_run synth_1
INFO: [Project 1-1161] Replacing file D:/Github/Monitorias_ElectronicaDigital/Pre-Parcial/03-Taller PreParcial/Punto3/count_mod10/count_mod10.srcs/utils_1/imports/synth_1/TOP.dcp with file D:/Github/Monitorias_ElectronicaDigital/Pre-Parcial/03-Taller PreParcial/Punto3/count_mod10/count_mod10.runs/synth_1/TOP.dcp
launch_runs synth_1 -jobs 6
[Thu Aug 29 16:37:34 2024] Launched synth_1...
Run output will be captured here: D:/Github/Monitorias_ElectronicaDigital/Pre-Parcial/03-Taller PreParcial/Punto3/count_mod10/count_mod10.runs/synth_1/runme.log
WARNING: [filemgmt 56-199] Attempt to get parsing info during refresh. "On-the-fly" syntax checking information may be incorrect. [D:\Github\Monitorias_ElectronicaDigital\Pre-Parcial\03-Taller PreParcial\Punto3\count_mod10\count_mod10.srcs\sources_1\new\Reloj_1Hz.vhd:]
WARNING: [filemgmt 56-199] Attempt to get parsing info during refresh. "On-the-fly" syntax checking information may be incorrect. [D:\Github\Monitorias_ElectronicaDigital\Pre-Parcial\03-Taller PreParcial\Punto3\count_mod10\count_mod10.srcs\sources_1\new\TOP.vhd:]
WARNING: [filemgmt 56-199] Attempt to get parsing info during refresh. "On-the-fly" syntax checking information may be incorrect. [D:\Github\Monitorias_ElectronicaDigital\Pre-Parcial\03-Taller PreParcial\Punto3\count_mod10\count_mod10.srcs\sources_1\new\CountMod10.vhd:]
WARNING: [filemgmt 56-199] Attempt to get parsing info during refresh. "On-the-fly" syntax checking information may be incorrect. [D:\Github\Monitorias_ElectronicaDigital\Pre-Parcial\03-Taller PreParcial\Punto3\count_mod10\count_mod10.srcs\sources_1\new\Reloj_1Hz.vhd:]
WARNING: [filemgmt 56-199] Attempt to get parsing info during refresh. "On-the-fly" syntax checking information may be incorrect. [D:\Github\Monitorias_ElectronicaDigital\Pre-Parcial\03-Taller PreParcial\Punto3\count_mod10\count_mod10.srcs\sources_1\new\Reloj_1Hz.vhd:]
ERROR: [Common 17-180] Spawn failed: No error
launch_runs impl_1 -jobs 6
[Thu Aug 29 16:39:21 2024] Launched impl_1...
Run output will be captured here: D:/Github/Monitorias_ElectronicaDigital/Pre-Parcial/03-Taller PreParcial/Punto3/count_mod10/count_mod10.runs/impl_1/runme.log
launch_runs impl_1 -to_step write_bitstream -jobs 6
[Thu Aug 29 16:41:48 2024] Launched impl_1...
Run output will be captured here: D:/Github/Monitorias_ElectronicaDigital/Pre-Parcial/03-Taller PreParcial/Punto3/count_mod10/count_mod10.runs/impl_1/runme.log
set_property PROBES.FILE {} [get_hw_devices xc7a35t_0]
set_property FULL_PROBES.FILE {} [get_hw_devices xc7a35t_0]
set_property PROGRAM.FILE {D:/Github/Monitorias_ElectronicaDigital/Pre-Parcial/03-Taller PreParcial/Punto3/count_mod10/count_mod10.runs/impl_1/TOP.bit} [get_hw_devices xc7a35t_0]
program_hw_devices [get_hw_devices xc7a35t_0]
INFO: [Labtools 27-3164] End of startup status: HIGH
refresh_hw_device [lindex [get_hw_devices xc7a35t_0] 0]
INFO: [Labtools 27-1434] Device xc7a35t (JTAG device index = 0) is programmed with a design that has no supported debug core(s) in it.
reset_run synth_1
INFO: [Project 1-1161] Replacing file D:/Github/Monitorias_ElectronicaDigital/Pre-Parcial/03-Taller PreParcial/Punto3/count_mod10/count_mod10.srcs/utils_1/imports/synth_1/TOP.dcp with file D:/Github/Monitorias_ElectronicaDigital/Pre-Parcial/03-Taller PreParcial/Punto3/count_mod10/count_mod10.runs/synth_1/TOP.dcp
WARNING: [filemgmt 56-199] Attempt to get parsing info during refresh. "On-the-fly" syntax checking information may be incorrect. [D:\Github\Monitorias_ElectronicaDigital\Pre-Parcial\03-Taller PreParcial\Punto3\count_mod10\count_mod10.srcs\sources_1\new\Reloj_1Hz.vhd:]
WARNING: [filemgmt 56-199] Attempt to get parsing info during refresh. "On-the-fly" syntax checking information may be incorrect. [D:\Github\Monitorias_ElectronicaDigital\Pre-Parcial\03-Taller PreParcial\Punto3\count_mod10\count_mod10.srcs\sources_1\new\TOP.vhd:]
WARNING: [filemgmt 56-199] Attempt to get parsing info during refresh. "On-the-fly" syntax checking information may be incorrect. [D:\Github\Monitorias_ElectronicaDigital\Pre-Parcial\03-Taller PreParcial\Punto3\count_mod10\count_mod10.srcs\sources_1\new\CountMod10.vhd:]
WARNING: [filemgmt 56-199] Attempt to get parsing info during refresh. "On-the-fly" syntax checking information may be incorrect. [D:\Github\Monitorias_ElectronicaDigital\Pre-Parcial\03-Taller PreParcial\Punto3\count_mod10\count_mod10.srcs\sources_1\new\CountMod10.vhd:]
WARNING: [filemgmt 56-199] Attempt to get parsing info during refresh. "On-the-fly" syntax checking information may be incorrect. [D:\Github\Monitorias_ElectronicaDigital\Pre-Parcial\03-Taller PreParcial\Punto3\count_mod10\count_mod10.srcs\sources_1\new\CountMod10.vhd:]
launch_runs synth_1 -jobs 6
WARNING: [filemgmt 56-199] Attempt to get parsing info during refresh. "On-the-fly" syntax checking information may be incorrect. [D:\Github\Monitorias_ElectronicaDigital\Pre-Parcial\03-Taller PreParcial\Punto3\count_mod10\count_mod10.srcs\sources_1\new\Reloj_1Hz.vhd:]
WARNING: [filemgmt 56-199] Attempt to get parsing info during refresh. "On-the-fly" syntax checking information may be incorrect. [D:\Github\Monitorias_ElectronicaDigital\Pre-Parcial\03-Taller PreParcial\Punto3\count_mod10\count_mod10.srcs\sources_1\new\TOP.vhd:]
WARNING: [filemgmt 56-199] Attempt to get parsing info during refresh. "On-the-fly" syntax checking information may be incorrect. [D:\Github\Monitorias_ElectronicaDigital\Pre-Parcial\03-Taller PreParcial\Punto3\count_mod10\count_mod10.srcs\sources_1\new\CountMod10.vhd:]
WARNING: [filemgmt 56-199] Attempt to get parsing info during refresh. "On-the-fly" syntax checking information may be incorrect. [D:\Github\Monitorias_ElectronicaDigital\Pre-Parcial\03-Taller PreParcial\Punto3\count_mod10\count_mod10.srcs\sources_1\new\Reloj_1Hz.vhd:]
WARNING: [filemgmt 56-199] Attempt to get parsing info during refresh. "On-the-fly" syntax checking information may be incorrect. [D:\Github\Monitorias_ElectronicaDigital\Pre-Parcial\03-Taller PreParcial\Punto3\count_mod10\count_mod10.srcs\sources_1\new\Reloj_1Hz.vhd:]
WARNING: [filemgmt 56-199] Attempt to get parsing info during refresh. "On-the-fly" syntax checking information may be incorrect. [D:\Github\Monitorias_ElectronicaDigital\Pre-Parcial\03-Taller PreParcial\Punto3\count_mod10\count_mod10.srcs\sources_1\new\Reloj_1Hz.vhd:]
WARNING: [filemgmt 56-199] Attempt to get parsing info during refresh. "On-the-fly" syntax checking information may be incorrect. [D:\Github\Monitorias_ElectronicaDigital\Pre-Parcial\03-Taller PreParcial\Punto3\count_mod10\count_mod10.srcs\sources_1\new\TOP.vhd:]
WARNING: [filemgmt 56-199] Attempt to get parsing info during refresh. "On-the-fly" syntax checking information may be incorrect. [D:\Github\Monitorias_ElectronicaDigital\Pre-Parcial\03-Taller PreParcial\Punto3\count_mod10\count_mod10.srcs\sources_1\new\CountMod10.vhd:]
WARNING: [filemgmt 56-199] Attempt to get parsing info during refresh. "On-the-fly" syntax checking information may be incorrect. [D:\Github\Monitorias_ElectronicaDigital\Pre-Parcial\03-Taller PreParcial\Punto3\count_mod10\count_mod10.srcs\sources_1\new\CountMod10.vhd:]
WARNING: [filemgmt 56-199] Attempt to get parsing info during refresh. "On-the-fly" syntax checking information may be incorrect. [D:\Github\Monitorias_ElectronicaDigital\Pre-Parcial\03-Taller PreParcial\Punto3\count_mod10\count_mod10.srcs\sources_1\new\CountMod10.vhd:]
WARNING: [filemgmt 56-199] Attempt to get parsing info during refresh. "On-the-fly" syntax checking information may be incorrect. [D:\Github\Monitorias_ElectronicaDigital\Pre-Parcial\03-Taller PreParcial\Punto3\count_mod10\count_mod10.srcs\sources_1\new\Reloj_1Hz.vhd:]
WARNING: [filemgmt 56-199] Attempt to get parsing info during refresh. "On-the-fly" syntax checking information may be incorrect. [D:\Github\Monitorias_ElectronicaDigital\Pre-Parcial\03-Taller PreParcial\Punto3\count_mod10\count_mod10.srcs\sources_1\new\TOP.vhd:]
WARNING: [filemgmt 56-199] Attempt to get parsing info during refresh. "On-the-fly" syntax checking information may be incorrect. [D:\Github\Monitorias_ElectronicaDigital\Pre-Parcial\03-Taller PreParcial\Punto3\count_mod10\count_mod10.srcs\sources_1\new\CountMod10.vhd:]
WARNING: [filemgmt 56-199] Attempt to get parsing info during refresh. "On-the-fly" syntax checking information may be incorrect. [D:\Github\Monitorias_ElectronicaDigital\Pre-Parcial\03-Taller PreParcial\Punto3\count_mod10\count_mod10.srcs\sources_1\new\TOP.vhd:]
WARNING: [filemgmt 56-199] Attempt to get parsing info during refresh. "On-the-fly" syntax checking information may be incorrect. [D:\Github\Monitorias_ElectronicaDigital\Pre-Parcial\03-Taller PreParcial\Punto3\count_mod10\count_mod10.srcs\sources_1\new\TOP.vhd:]
[Thu Aug 29 16:49:04 2024] Launched synth_1...
Run output will be captured here: D:/Github/Monitorias_ElectronicaDigital/Pre-Parcial/03-Taller PreParcial/Punto3/count_mod10/count_mod10.runs/synth_1/runme.log
ERROR: [Common 17-180] Spawn failed: No error
WARNING: [filemgmt 56-199] Attempt to get parsing info during refresh. "On-the-fly" syntax checking information may be incorrect. [D:\Github\Monitorias_ElectronicaDigital\Pre-Parcial\03-Taller PreParcial\Punto3\count_mod10\count_mod10.srcs\sources_1\new\Reloj_1Hz.vhd:]
WARNING: [filemgmt 56-199] Attempt to get parsing info during refresh. "On-the-fly" syntax checking information may be incorrect. [D:\Github\Monitorias_ElectronicaDigital\Pre-Parcial\03-Taller PreParcial\Punto3\count_mod10\count_mod10.srcs\sources_1\new\TOP.vhd:]
WARNING: [filemgmt 56-199] Attempt to get parsing info during refresh. "On-the-fly" syntax checking information may be incorrect. [D:\Github\Monitorias_ElectronicaDigital\Pre-Parcial\03-Taller PreParcial\Punto3\count_mod10\count_mod10.srcs\sources_1\new\CountMod10.vhd:]
WARNING: [filemgmt 56-199] Attempt to get parsing info during refresh. "On-the-fly" syntax checking information may be incorrect. [D:\Github\Monitorias_ElectronicaDigital\Pre-Parcial\03-Taller PreParcial\Punto3\count_mod10\count_mod10.srcs\sources_1\new\TOP.vhd:]
WARNING: [filemgmt 56-199] Attempt to get parsing info during refresh. "On-the-fly" syntax checking information may be incorrect. [D:\Github\Monitorias_ElectronicaDigital\Pre-Parcial\03-Taller PreParcial\Punto3\count_mod10\count_mod10.srcs\sources_1\new\TOP.vhd:]
ERROR: [Common 17-180] Spawn failed: No error
launch_runs impl_1 -jobs 6
[Thu Aug 29 16:51:46 2024] Launched impl_1...
Run output will be captured here: D:/Github/Monitorias_ElectronicaDigital/Pre-Parcial/03-Taller PreParcial/Punto3/count_mod10/count_mod10.runs/impl_1/runme.log
launch_runs impl_1 -to_step write_bitstream -jobs 6
[Thu Aug 29 16:53:51 2024] Launched impl_1...
Run output will be captured here: D:/Github/Monitorias_ElectronicaDigital/Pre-Parcial/03-Taller PreParcial/Punto3/count_mod10/count_mod10.runs/impl_1/runme.log
set_property PROBES.FILE {} [get_hw_devices xc7a35t_0]
set_property FULL_PROBES.FILE {} [get_hw_devices xc7a35t_0]
set_property PROGRAM.FILE {D:/Github/Monitorias_ElectronicaDigital/Pre-Parcial/03-Taller PreParcial/Punto3/count_mod10/count_mod10.runs/impl_1/TOP.bit} [get_hw_devices xc7a35t_0]
program_hw_devices [get_hw_devices xc7a35t_0]
INFO: [Labtools 27-3164] End of startup status: HIGH
refresh_hw_device [lindex [get_hw_devices xc7a35t_0] 0]
INFO: [Labtools 27-1434] Device xc7a35t (JTAG device index = 0) is programmed with a design that has no supported debug core(s) in it.
reset_run synth_1
INFO: [Project 1-1161] Replacing file D:/Github/Monitorias_ElectronicaDigital/Pre-Parcial/03-Taller PreParcial/Punto3/count_mod10/count_mod10.srcs/utils_1/imports/synth_1/TOP.dcp with file D:/Github/Monitorias_ElectronicaDigital/Pre-Parcial/03-Taller PreParcial/Punto3/count_mod10/count_mod10.runs/synth_1/TOP.dcp
WARNING: [filemgmt 56-199] Attempt to get parsing info during refresh. "On-the-fly" syntax checking information may be incorrect. [D:\Github\Monitorias_ElectronicaDigital\Pre-Parcial\03-Taller PreParcial\Punto3\count_mod10\count_mod10.srcs\sources_1\new\Reloj_1Hz.vhd:]
WARNING: [filemgmt 56-199] Attempt to get parsing info during refresh. "On-the-fly" syntax checking information may be incorrect. [D:\Github\Monitorias_ElectronicaDigital\Pre-Parcial\03-Taller PreParcial\Punto3\count_mod10\count_mod10.srcs\sources_1\new\TOP.vhd:]
WARNING: [filemgmt 56-199] Attempt to get parsing info during refresh. "On-the-fly" syntax checking information may be incorrect. [D:\Github\Monitorias_ElectronicaDigital\Pre-Parcial\03-Taller PreParcial\Punto3\count_mod10\count_mod10.srcs\sources_1\new\CountMod10.vhd:]
WARNING: [filemgmt 56-199] Attempt to get parsing info during refresh. "On-the-fly" syntax checking information may be incorrect. [D:\Github\Monitorias_ElectronicaDigital\Pre-Parcial\03-Taller PreParcial\Punto3\count_mod10\count_mod10.srcs\sources_1\new\CountMod10.vhd:]
WARNING: [filemgmt 56-199] Attempt to get parsing info during refresh. "On-the-fly" syntax checking information may be incorrect. [D:\Github\Monitorias_ElectronicaDigital\Pre-Parcial\03-Taller PreParcial\Punto3\count_mod10\count_mod10.srcs\sources_1\new\CountMod10.vhd:]
launch_runs synth_1 -jobs 6
WARNING: [filemgmt 56-199] Attempt to get parsing info during refresh. "On-the-fly" syntax checking information may be incorrect. [D:\Github\Monitorias_ElectronicaDigital\Pre-Parcial\03-Taller PreParcial\Punto3\count_mod10\count_mod10.srcs\sources_1\new\Reloj_1Hz.vhd:]
WARNING: [filemgmt 56-199] Attempt to get parsing info during refresh. "On-the-fly" syntax checking information may be incorrect. [D:\Github\Monitorias_ElectronicaDigital\Pre-Parcial\03-Taller PreParcial\Punto3\count_mod10\count_mod10.srcs\sources_1\new\TOP.vhd:]
WARNING: [filemgmt 56-199] Attempt to get parsing info during refresh. "On-the-fly" syntax checking information may be incorrect. [D:\Github\Monitorias_ElectronicaDigital\Pre-Parcial\03-Taller PreParcial\Punto3\count_mod10\count_mod10.srcs\sources_1\new\CountMod10.vhd:]
WARNING: [filemgmt 56-199] Attempt to get parsing info during refresh. "On-the-fly" syntax checking information may be incorrect. [D:\Github\Monitorias_ElectronicaDigital\Pre-Parcial\03-Taller PreParcial\Punto3\count_mod10\count_mod10.srcs\sources_1\new\TOP.vhd:]
WARNING: [filemgmt 56-199] Attempt to get parsing info during refresh. "On-the-fly" syntax checking information may be incorrect. [D:\Github\Monitorias_ElectronicaDigital\Pre-Parcial\03-Taller PreParcial\Punto3\count_mod10\count_mod10.srcs\sources_1\new\TOP.vhd:]
WARNING: [filemgmt 56-199] Attempt to get parsing info during refresh. "On-the-fly" syntax checking information may be incorrect. [D:\Github\Monitorias_ElectronicaDigital\Pre-Parcial\03-Taller PreParcial\Punto3\count_mod10\count_mod10.srcs\sources_1\new\Reloj_1Hz.vhd:]
WARNING: [filemgmt 56-199] Attempt to get parsing info during refresh. "On-the-fly" syntax checking information may be incorrect. [D:\Github\Monitorias_ElectronicaDigital\Pre-Parcial\03-Taller PreParcial\Punto3\count_mod10\count_mod10.srcs\sources_1\new\TOP.vhd:]
WARNING: [filemgmt 56-199] Attempt to get parsing info during refresh. "On-the-fly" syntax checking information may be incorrect. [D:\Github\Monitorias_ElectronicaDigital\Pre-Parcial\03-Taller PreParcial\Punto3\count_mod10\count_mod10.srcs\sources_1\new\CountMod10.vhd:]
WARNING: [filemgmt 56-199] Attempt to get parsing info during refresh. "On-the-fly" syntax checking information may be incorrect. [D:\Github\Monitorias_ElectronicaDigital\Pre-Parcial\03-Taller PreParcial\Punto3\count_mod10\count_mod10.srcs\sources_1\new\Reloj_1Hz.vhd:]
WARNING: [filemgmt 56-199] Attempt to get parsing info during refresh. "On-the-fly" syntax checking information may be incorrect. [D:\Github\Monitorias_ElectronicaDigital\Pre-Parcial\03-Taller PreParcial\Punto3\count_mod10\count_mod10.srcs\sources_1\new\Reloj_1Hz.vhd:]
ERROR: [Common 17-180] Spawn failed: No error
WARNING: [filemgmt 56-199] Attempt to get parsing info during refresh. "On-the-fly" syntax checking information may be incorrect. [D:\Github\Monitorias_ElectronicaDigital\Pre-Parcial\03-Taller PreParcial\Punto3\count_mod10\count_mod10.srcs\sources_1\new\Reloj_1Hz.vhd:]
WARNING: [filemgmt 56-199] Attempt to get parsing info during refresh. "On-the-fly" syntax checking information may be incorrect. [D:\Github\Monitorias_ElectronicaDigital\Pre-Parcial\03-Taller PreParcial\Punto3\count_mod10\count_mod10.srcs\sources_1\new\TOP.vhd:]
WARNING: [filemgmt 56-199] Attempt to get parsing info during refresh. "On-the-fly" syntax checking information may be incorrect. [D:\Github\Monitorias_ElectronicaDigital\Pre-Parcial\03-Taller PreParcial\Punto3\count_mod10\count_mod10.srcs\sources_1\new\CountMod10.vhd:]
WARNING: [filemgmt 56-199] Attempt to get parsing info during refresh. "On-the-fly" syntax checking information may be incorrect. [D:\Github\Monitorias_ElectronicaDigital\Pre-Parcial\03-Taller PreParcial\Punto3\count_mod10\count_mod10.srcs\sources_1\new\Reloj_1Hz.vhd:]
WARNING: [filemgmt 56-199] Attempt to get parsing info during refresh. "On-the-fly" syntax checking information may be incorrect. [D:\Github\Monitorias_ElectronicaDigital\Pre-Parcial\03-Taller PreParcial\Punto3\count_mod10\count_mod10.srcs\sources_1\new\Reloj_1Hz.vhd:]
ERROR: [Common 17-180] Spawn failed: No error
WARNING: [filemgmt 56-199] Attempt to get parsing info during refresh. "On-the-fly" syntax checking information may be incorrect. [D:\Github\Monitorias_ElectronicaDigital\Pre-Parcial\03-Taller PreParcial\Punto3\count_mod10\count_mod10.srcs\sources_1\new\Reloj_1Hz.vhd:]
WARNING: [filemgmt 56-199] Attempt to get parsing info during refresh. "On-the-fly" syntax checking information may be incorrect. [D:\Github\Monitorias_ElectronicaDigital\Pre-Parcial\03-Taller PreParcial\Punto3\count_mod10\count_mod10.srcs\sources_1\new\TOP.vhd:]
WARNING: [filemgmt 56-199] Attempt to get parsing info during refresh. "On-the-fly" syntax checking information may be incorrect. [D:\Github\Monitorias_ElectronicaDigital\Pre-Parcial\03-Taller PreParcial\Punto3\count_mod10\count_mod10.srcs\sources_1\new\CountMod10.vhd:]
WARNING: [filemgmt 56-199] Attempt to get parsing info during refresh. "On-the-fly" syntax checking information may be incorrect. [D:\Github\Monitorias_ElectronicaDigital\Pre-Parcial\03-Taller PreParcial\Punto3\count_mod10\count_mod10.srcs\sources_1\new\TOP.vhd:]
WARNING: [filemgmt 56-199] Attempt to get parsing info during refresh. "On-the-fly" syntax checking information may be incorrect. [D:\Github\Monitorias_ElectronicaDigital\Pre-Parcial\03-Taller PreParcial\Punto3\count_mod10\count_mod10.srcs\sources_1\new\TOP.vhd:]
ERROR: [Common 17-180] Spawn failed: No error
ERROR: [Vivado 12-4756] Launch of runs aborted due to earlier errors while preparing sub-designs for run execution.
launch_runs synth_1 -jobs 6
[Thu Aug 29 17:03:59 2024] Launched synth_1...
Run output will be captured here: D:/Github/Monitorias_ElectronicaDigital/Pre-Parcial/03-Taller PreParcial/Punto3/count_mod10/count_mod10.runs/synth_1/runme.log
launch_runs impl_1 -jobs 6
[Thu Aug 29 17:08:32 2024] Launched impl_1...
Run output will be captured here: D:/Github/Monitorias_ElectronicaDigital/Pre-Parcial/03-Taller PreParcial/Punto3/count_mod10/count_mod10.runs/impl_1/runme.log
launch_runs impl_1 -to_step write_bitstream -jobs 6
[Thu Aug 29 17:13:51 2024] Launched impl_1...
Run output will be captured here: D:/Github/Monitorias_ElectronicaDigital/Pre-Parcial/03-Taller PreParcial/Punto3/count_mod10/count_mod10.runs/impl_1/runme.log
set_property PROBES.FILE {} [get_hw_devices xc7a35t_0]
set_property FULL_PROBES.FILE {} [get_hw_devices xc7a35t_0]
set_property PROGRAM.FILE {D:/Github/Monitorias_ElectronicaDigital/Pre-Parcial/03-Taller PreParcial/Punto3/count_mod10/count_mod10.runs/impl_1/TOP.bit} [get_hw_devices xc7a35t_0]
program_hw_devices [get_hw_devices xc7a35t_0]
INFO: [Labtools 27-3164] End of startup status: HIGH
refresh_hw_device [lindex [get_hw_devices xc7a35t_0] 0]
INFO: [Labtools 27-1434] Device xc7a35t (JTAG device index = 0) is programmed with a design that has no supported debug core(s) in it.
exit
INFO: [Common 17-206] Exiting Vivado at Thu Aug 29 17:16:22 2024...
