
*** Running vivado
    with args -log TOP.vds -m64 -product Vivado -mode batch -messageDb vivado.pb -notrace -source TOP.tcl



****** Vivado v2022.2 (64-bit)
  **** SW Build 3671981 on Fri Oct 14 05:00:03 MDT 2022
  **** IP Build 3669848 on Fri Oct 14 08:30:02 MDT 2022
    ** Copyright 1986-2022 Xilinx, Inc. All Rights Reserved.

source TOP.tcl -notrace
create_project: Time (s): cpu = 00:00:07 ; elapsed = 00:00:08 . Memory (MB): peak = 394.410 ; gain = 57.527
Command: read_checkpoint -auto_incremental -incremental {D:/Doc Digital/Ruleta/project_1/project_1.srcs/utils_1/imports/synth_1/TOP.dcp}
INFO: [Vivado 12-5825] Read reference checkpoint from D:/Doc Digital/Ruleta/project_1/project_1.srcs/utils_1/imports/synth_1/TOP.dcp for incremental synthesis
INFO: [Vivado 12-7989] Please ensure there are no constraint changes
Command: synth_design -top TOP -part xc7a35ticpg236-1L
Starting synth_design
Attempting to get a license for feature 'Synthesis' and/or device 'xc7a35ti'
INFO: [Common 17-349] Got license for feature 'Synthesis' and/or device 'xc7a35ti'
INFO: [Device 21-403] Loading part xc7a35ticpg236-1L
INFO: [Designutils 20-5440] No compile time benefit to using incremental synthesis; A full resynthesis will be run
INFO: [Designutils 20-4379] Flow is switching to default flow due to incremental criteria not met. If you would like to alter this behaviour and have the flow terminate instead, please set the following parameter config_implementation {autoIncr.Synth.RejectBehavior Terminate}
INFO: [Synth 8-7079] Multithreading enabled for synth_design using a maximum of 2 processes.
INFO: [Synth 8-7078] Launching helper process for spawning children vivado processes
INFO: [Synth 8-7075] Helper process launched with PID 7576
INFO: [Synth 8-11241] undeclared symbol 'REGCCE', assumed default net type 'wire' [D:/Softwares/Vivado/Vivado/2022.2/data/verilog/src/unimacro/BRAM_SINGLE_MACRO.v:2170]
---------------------------------------------------------------------------------
Starting RTL Elaboration : Time (s): cpu = 00:00:08 ; elapsed = 00:00:09 . Memory (MB): peak = 1206.570 ; gain = 408.418
---------------------------------------------------------------------------------
INFO: [Synth 8-638] synthesizing module 'TOP' [D:/Doc Digital/Ruleta/project_1/project_1.srcs/sources_1/new/TOP.vhd:42]
INFO: [Synth 8-3491] module 'relojes' declared at 'D:/Doc Digital/Ruleta/project_1/project_1.srcs/sources_1/new/relojes.vhd:34' bound to instance 'r' of component 'relojes' [D:/Doc Digital/Ruleta/project_1/project_1.srcs/sources_1/new/TOP.vhd:74]
INFO: [Synth 8-638] synthesizing module 'relojes' [D:/Doc Digital/Ruleta/project_1/project_1.srcs/sources_1/new/relojes.vhd:40]
INFO: [Synth 8-256] done synthesizing module 'relojes' (0#1) [D:/Doc Digital/Ruleta/project_1/project_1.srcs/sources_1/new/relojes.vhd:40]
INFO: [Synth 8-3491] module 'contador8bits' declared at 'D:/Doc Digital/Ruleta/project_1/project_1.srcs/sources_1/new/contador8bits.vhd:37' bound to instance 'c8' of component 'contador8bits' [D:/Doc Digital/Ruleta/project_1/project_1.srcs/sources_1/new/TOP.vhd:75]
INFO: [Synth 8-638] synthesizing module 'contador8bits' [D:/Doc Digital/Ruleta/project_1/project_1.srcs/sources_1/new/contador8bits.vhd:44]
WARNING: [Synth 8-614] signal 'UP' is read in the process but is not in the sensitivity list [D:/Doc Digital/Ruleta/project_1/project_1.srcs/sources_1/new/contador8bits.vhd:49]
WARNING: [Synth 8-614] signal 'DOWN' is read in the process but is not in the sensitivity list [D:/Doc Digital/Ruleta/project_1/project_1.srcs/sources_1/new/contador8bits.vhd:49]
WARNING: [Synth 8-614] signal 'cont' is read in the process but is not in the sensitivity list [D:/Doc Digital/Ruleta/project_1/project_1.srcs/sources_1/new/contador8bits.vhd:49]
INFO: [Synth 8-256] done synthesizing module 'contador8bits' (0#1) [D:/Doc Digital/Ruleta/project_1/project_1.srcs/sources_1/new/contador8bits.vhd:44]
INFO: [Synth 8-3491] module 'Contador4Bits' declared at 'D:/Doc Digital/Ruleta/project_1/project_1.srcs/sources_1/new/Contador4Bits.vhd:36' bound to instance 'c4' of component 'Contador4Bits' [D:/Doc Digital/Ruleta/project_1/project_1.srcs/sources_1/new/TOP.vhd:76]
INFO: [Synth 8-638] synthesizing module 'Contador4Bits' [D:/Doc Digital/Ruleta/project_1/project_1.srcs/sources_1/new/Contador4Bits.vhd:42]
WARNING: [Synth 8-614] signal 'A' is read in the process but is not in the sensitivity list [D:/Doc Digital/Ruleta/project_1/project_1.srcs/sources_1/new/Contador4Bits.vhd:45]
INFO: [Synth 8-256] done synthesizing module 'Contador4Bits' (0#1) [D:/Doc Digital/Ruleta/project_1/project_1.srcs/sources_1/new/Contador4Bits.vhd:42]
INFO: [Synth 8-3491] module 'Deco4_16' declared at 'D:/Doc Digital/Ruleta/project_1/project_1.srcs/sources_1/new/Deco4_16.vhd:36' bound to instance 'deco' of component 'Deco4_16' [D:/Doc Digital/Ruleta/project_1/project_1.srcs/sources_1/new/TOP.vhd:77]
INFO: [Synth 8-638] synthesizing module 'Deco4_16' [D:/Doc Digital/Ruleta/project_1/project_1.srcs/sources_1/new/Deco4_16.vhd:41]
INFO: [Synth 8-256] done synthesizing module 'Deco4_16' (0#1) [D:/Doc Digital/Ruleta/project_1/project_1.srcs/sources_1/new/Deco4_16.vhd:41]
INFO: [Synth 8-256] done synthesizing module 'TOP' (0#1) [D:/Doc Digital/Ruleta/project_1/project_1.srcs/sources_1/new/TOP.vhd:42]
---------------------------------------------------------------------------------
Finished RTL Elaboration : Time (s): cpu = 00:00:11 ; elapsed = 00:00:12 . Memory (MB): peak = 1296.367 ; gain = 498.215
---------------------------------------------------------------------------------
---------------------------------------------------------------------------------
Start Handling Custom Attributes
---------------------------------------------------------------------------------
---------------------------------------------------------------------------------
Finished Handling Custom Attributes : Time (s): cpu = 00:00:11 ; elapsed = 00:00:12 . Memory (MB): peak = 1296.367 ; gain = 498.215
---------------------------------------------------------------------------------
---------------------------------------------------------------------------------
Finished RTL Optimization Phase 1 : Time (s): cpu = 00:00:11 ; elapsed = 00:00:12 . Memory (MB): peak = 1296.367 ; gain = 498.215
---------------------------------------------------------------------------------
Netlist sorting complete. Time (s): cpu = 00:00:00 ; elapsed = 00:00:00.004 . Memory (MB): peak = 1296.367 ; gain = 0.000
INFO: [Project 1-570] Preparing netlist for logic optimization

Processing XDC Constraints
Initializing timing engine
Parsing XDC File [D:/Doc Digital/Ruleta/project_1/project_1.srcs/constrs_1/new/XDC.xdc]
Finished Parsing XDC File [D:/Doc Digital/Ruleta/project_1/project_1.srcs/constrs_1/new/XDC.xdc]
INFO: [Project 1-236] Implementation specific constraints were found while reading constraint file [D:/Doc Digital/Ruleta/project_1/project_1.srcs/constrs_1/new/XDC.xdc]. These constraints will be ignored for synthesis but will be used in implementation. Impacted constraints are listed in the file [.Xil/TOP_propImpl.xdc].
Resolution: To avoid this warning, move constraints listed in [.Xil/TOP_propImpl.xdc] to another XDC file and exclude this new file from synthesis with the used_in_synthesis property (File Properties dialog in GUI) and re-run elaboration/synthesis.
Completed Processing XDC Constraints

Netlist sorting complete. Time (s): cpu = 00:00:00 ; elapsed = 00:00:00.001 . Memory (MB): peak = 1337.934 ; gain = 0.000
INFO: [Project 1-111] Unisim Transformation Summary:
No Unisim elements were transformed.

Constraint Validation Runtime : Time (s): cpu = 00:00:00 ; elapsed = 00:00:00.002 . Memory (MB): peak = 1337.934 ; gain = 0.000
INFO: [Designutils 20-5440] No compile time benefit to using incremental synthesis; A full resynthesis will be run
INFO: [Designutils 20-4379] Flow is switching to default flow due to incremental criteria not met. If you would like to alter this behaviour and have the flow terminate instead, please set the following parameter config_implementation {autoIncr.Synth.RejectBehavior Terminate}
INFO: [Synth 8-11241] undeclared symbol 'REGCCE', assumed default net type 'wire' [D:/Softwares/Vivado/Vivado/2022.2/data/verilog/src/unimacro/BRAM_SINGLE_MACRO.v:2170]
---------------------------------------------------------------------------------
Finished Constraint Validation : Time (s): cpu = 00:00:23 ; elapsed = 00:00:24 . Memory (MB): peak = 1337.934 ; gain = 539.781
---------------------------------------------------------------------------------
---------------------------------------------------------------------------------
Start Loading Part and Timing Information
---------------------------------------------------------------------------------
Loading part: xc7a35ticpg236-1L
---------------------------------------------------------------------------------
Finished Loading Part and Timing Information : Time (s): cpu = 00:00:23 ; elapsed = 00:00:24 . Memory (MB): peak = 1337.934 ; gain = 539.781
---------------------------------------------------------------------------------
---------------------------------------------------------------------------------
Start Applying 'set_property' XDC Constraints
---------------------------------------------------------------------------------
---------------------------------------------------------------------------------
Finished applying 'set_property' XDC Constraints : Time (s): cpu = 00:00:23 ; elapsed = 00:00:24 . Memory (MB): peak = 1337.934 ; gain = 539.781
---------------------------------------------------------------------------------
---------------------------------------------------------------------------------
Finished RTL Optimization Phase 2 : Time (s): cpu = 00:00:23 ; elapsed = 00:00:24 . Memory (MB): peak = 1337.934 ; gain = 539.781
---------------------------------------------------------------------------------
---------------------------------------------------------------------------------
Start RTL Component Statistics 
---------------------------------------------------------------------------------
Detailed RTL Component Info : 
+---Adders : 
	   2 Input   27 Bit       Adders := 2     
	   2 Input    8 Bit       Adders := 2     
	   2 Input    4 Bit       Adders := 1     
+---Registers : 
	               27 Bit    Registers := 2     
	                8 Bit    Registers := 1     
	                4 Bit    Registers := 1     
	                1 Bit    Registers := 2     
+---Muxes : 
	   2 Input    8 Bit        Muxes := 2     
---------------------------------------------------------------------------------
Finished RTL Component Statistics 
---------------------------------------------------------------------------------
---------------------------------------------------------------------------------
Start Part Resource Summary
---------------------------------------------------------------------------------
Part Resources:
DSPs: 90 (col length:60)
BRAMs: 100 (col length: RAMB18 60 RAMB36 30)
---------------------------------------------------------------------------------
Finished Part Resource Summary
---------------------------------------------------------------------------------
---------------------------------------------------------------------------------
Start Cross Boundary and Area Optimization
---------------------------------------------------------------------------------
WARNING: [Synth 8-7080] Parallel synthesis criteria is not met
---------------------------------------------------------------------------------
Finished Cross Boundary and Area Optimization : Time (s): cpu = 00:00:27 ; elapsed = 00:00:28 . Memory (MB): peak = 1337.934 ; gain = 539.781
---------------------------------------------------------------------------------
---------------------------------------------------------------------------------
Start Applying XDC Timing Constraints
---------------------------------------------------------------------------------
---------------------------------------------------------------------------------
Finished Applying XDC Timing Constraints : Time (s): cpu = 00:00:36 ; elapsed = 00:00:37 . Memory (MB): peak = 1337.934 ; gain = 539.781
---------------------------------------------------------------------------------
---------------------------------------------------------------------------------
Start Timing Optimization
---------------------------------------------------------------------------------
---------------------------------------------------------------------------------
Finished Timing Optimization : Time (s): cpu = 00:00:36 ; elapsed = 00:00:37 . Memory (MB): peak = 1337.934 ; gain = 539.781
---------------------------------------------------------------------------------
---------------------------------------------------------------------------------
Start Technology Mapping
---------------------------------------------------------------------------------
---------------------------------------------------------------------------------
Finished Technology Mapping : Time (s): cpu = 00:00:36 ; elapsed = 00:00:37 . Memory (MB): peak = 1337.934 ; gain = 539.781
---------------------------------------------------------------------------------
---------------------------------------------------------------------------------
Start IO Insertion
---------------------------------------------------------------------------------
---------------------------------------------------------------------------------
Start Flattening Before IO Insertion
---------------------------------------------------------------------------------
---------------------------------------------------------------------------------
Finished Flattening Before IO Insertion
---------------------------------------------------------------------------------
---------------------------------------------------------------------------------
Start Final Netlist Cleanup
---------------------------------------------------------------------------------
---------------------------------------------------------------------------------
Finished Final Netlist Cleanup
---------------------------------------------------------------------------------
---------------------------------------------------------------------------------
Finished IO Insertion : Time (s): cpu = 00:00:43 ; elapsed = 00:00:45 . Memory (MB): peak = 1337.934 ; gain = 539.781
---------------------------------------------------------------------------------
---------------------------------------------------------------------------------
Start Renaming Generated Instances
---------------------------------------------------------------------------------
---------------------------------------------------------------------------------
Finished Renaming Generated Instances : Time (s): cpu = 00:00:43 ; elapsed = 00:00:45 . Memory (MB): peak = 1337.934 ; gain = 539.781
---------------------------------------------------------------------------------
---------------------------------------------------------------------------------
Start Rebuilding User Hierarchy
---------------------------------------------------------------------------------
---------------------------------------------------------------------------------
Finished Rebuilding User Hierarchy : Time (s): cpu = 00:00:43 ; elapsed = 00:00:45 . Memory (MB): peak = 1337.934 ; gain = 539.781
---------------------------------------------------------------------------------
---------------------------------------------------------------------------------
Start Renaming Generated Ports
---------------------------------------------------------------------------------
---------------------------------------------------------------------------------
Finished Renaming Generated Ports : Time (s): cpu = 00:00:43 ; elapsed = 00:00:45 . Memory (MB): peak = 1337.934 ; gain = 539.781
---------------------------------------------------------------------------------
---------------------------------------------------------------------------------
Start Handling Custom Attributes
---------------------------------------------------------------------------------
---------------------------------------------------------------------------------
Finished Handling Custom Attributes : Time (s): cpu = 00:00:43 ; elapsed = 00:00:45 . Memory (MB): peak = 1337.934 ; gain = 539.781
---------------------------------------------------------------------------------
---------------------------------------------------------------------------------
Start Renaming Generated Nets
---------------------------------------------------------------------------------
---------------------------------------------------------------------------------
Finished Renaming Generated Nets : Time (s): cpu = 00:00:43 ; elapsed = 00:00:45 . Memory (MB): peak = 1337.934 ; gain = 539.781
---------------------------------------------------------------------------------
---------------------------------------------------------------------------------
Start Writing Synthesis Report
---------------------------------------------------------------------------------

Report BlackBoxes: 
+-+--------------+----------+
| |BlackBox name |Instances |
+-+--------------+----------+
+-+--------------+----------+

Report Cell Usage: 
+------+-------+------+
|      |Cell   |Count |
+------+-------+------+
|1     |BUFG   |     1|
|2     |CARRY4 |    14|
|3     |LUT1   |     3|
|4     |LUT2   |     1|
|5     |LUT3   |    10|
|6     |LUT4   |    23|
|7     |LUT5   |    24|
|8     |LUT6   |    25|
|9     |FDCE   |     8|
|10    |FDPE   |     8|
|11    |FDRE   |    60|
|12    |LDC    |     8|
|13    |IBUF   |     2|
|14    |OBUF   |    16|
+------+-------+------+
---------------------------------------------------------------------------------
Finished Writing Synthesis Report : Time (s): cpu = 00:00:43 ; elapsed = 00:00:45 . Memory (MB): peak = 1337.934 ; gain = 539.781
---------------------------------------------------------------------------------
Synthesis finished with 0 errors, 0 critical warnings and 1 warnings.
Synthesis Optimization Runtime : Time (s): cpu = 00:00:31 ; elapsed = 00:00:42 . Memory (MB): peak = 1337.934 ; gain = 498.215
Synthesis Optimization Complete : Time (s): cpu = 00:00:44 ; elapsed = 00:00:45 . Memory (MB): peak = 1337.934 ; gain = 539.781
INFO: [Project 1-571] Translating synthesized netlist
Netlist sorting complete. Time (s): cpu = 00:00:00 ; elapsed = 00:00:00.003 . Memory (MB): peak = 1337.934 ; gain = 0.000
INFO: [Netlist 29-17] Analyzing 22 Unisim elements for replacement
INFO: [Netlist 29-28] Unisim Transformation completed in 0 CPU seconds
INFO: [Project 1-570] Preparing netlist for logic optimization
INFO: [Opt 31-138] Pushed 0 inverter(s) to 0 load pin(s).
Netlist sorting complete. Time (s): cpu = 00:00:00 ; elapsed = 00:00:00 . Memory (MB): peak = 1337.934 ; gain = 0.000
INFO: [Project 1-111] Unisim Transformation Summary:
  A total of 8 instances were transformed.
  LDC => LDCE: 8 instances

Synth Design complete, checksum: acdc61d0
INFO: [Common 17-83] Releasing license: Synthesis
37 Infos, 5 Warnings, 0 Critical Warnings and 0 Errors encountered.
synth_design completed successfully
synth_design: Time (s): cpu = 00:00:51 ; elapsed = 00:00:53 . Memory (MB): peak = 1337.934 ; gain = 918.660
INFO: [Common 17-1381] The checkpoint 'D:/Doc Digital/Ruleta/project_1/project_1.runs/synth_1/TOP.dcp' has been generated.
INFO: [runtcl-4] Executing : report_utilization -file TOP_utilization_synth.rpt -pb TOP_utilization_synth.pb
INFO: [Common 17-206] Exiting Vivado at Mon Mar 27 11:21:32 2023...
