
*** Running vivado
    with args -log TOP.vds -m64 -product Vivado -mode batch -messageDb vivado.pb -notrace -source TOP.tcl



****** Vivado v2024.1 (64-bit)
  **** SW Build 5076996 on Wed May 22 18:37:14 MDT 2024
  **** IP Build 5075265 on Wed May 22 21:45:21 MDT 2024
  **** SharedData Build 5076995 on Wed May 22 18:29:18 MDT 2024
  **** Start of session at: Thu Aug 29 20:23:29 2024
    ** Copyright 1986-2022 Xilinx, Inc. All Rights Reserved.
    ** Copyright 2022-2024 Advanced Micro Devices, Inc. All Rights Reserved.

source TOP.tcl -notrace
create_project: Time (s): cpu = 00:00:06 ; elapsed = 00:00:12 . Memory (MB): peak = 514.230 ; gain = 201.598
Command: read_checkpoint -auto_incremental -incremental {D:/Github/Monitorias_ElectronicaDigital/Pre-Parcial/03-Taller PreParcial/Punto17/Ruleta/Ruleta.srcs/utils_1/imports/synth_1/TOP.dcp}
INFO: [Vivado 12-5825] Read reference checkpoint from D:/Github/Monitorias_ElectronicaDigital/Pre-Parcial/03-Taller PreParcial/Punto17/Ruleta/Ruleta.srcs/utils_1/imports/synth_1/TOP.dcp for incremental synthesis
INFO: [Vivado 12-7989] Please ensure there are no constraint changes
Command: synth_design -top TOP -part xc7a35ticpg236-1L
Starting synth_design
Attempting to get a license for feature 'Synthesis' and/or device 'xc7a35ti'
INFO: [Common 17-349] Got license for feature 'Synthesis' and/or device 'xc7a35ti'
INFO: [Device 21-403] Loading part xc7a35ticpg236-1L
INFO: [Device 21-9227] Part: xc7a35ticpg236-1L does not have CEAM library.
INFO: [Designutils 20-5440] No compile time benefit to using incremental synthesis; A full resynthesis will be run
INFO: [Designutils 20-4379] Flow is switching to default flow due to incremental criteria not met. If you would like to alter this behaviour and have the flow terminate instead, please set the following parameter config_implementation {autoIncr.Synth.RejectBehavior Terminate}
INFO: [Synth 8-7079] Multithreading enabled for synth_design using a maximum of 2 processes.
INFO: [Synth 8-7078] Launching helper process for spawning children vivado processes
INFO: [Synth 8-7075] Helper process launched with PID 19120
---------------------------------------------------------------------------------
Starting RTL Elaboration : Time (s): cpu = 00:00:05 ; elapsed = 00:00:10 . Memory (MB): peak = 1369.785 ; gain = 451.754
---------------------------------------------------------------------------------
INFO: [Synth 8-638] synthesizing module 'TOP' [D:/Github/Monitorias_ElectronicaDigital/Pre-Parcial/03-Taller PreParcial/Punto17/Ruleta/Ruleta.srcs/sources_1/new/TOP.vhd:23]
INFO: [Synth 8-3491] module 'Relojes' declared at 'D:/Github/Monitorias_ElectronicaDigital/Pre-Parcial/03-Taller PreParcial/Punto17/Ruleta/Ruleta.srcs/sources_1/new/Relojes.vhd:17' bound to instance 'B1' of component 'Relojes' [D:/Github/Monitorias_ElectronicaDigital/Pre-Parcial/03-Taller PreParcial/Punto17/Ruleta/Ruleta.srcs/sources_1/new/TOP.vhd:59]
INFO: [Synth 8-638] synthesizing module 'Relojes' [D:/Github/Monitorias_ElectronicaDigital/Pre-Parcial/03-Taller PreParcial/Punto17/Ruleta/Ruleta.srcs/sources_1/new/Relojes.vhd:23]
INFO: [Synth 8-256] done synthesizing module 'Relojes' (0#1) [D:/Github/Monitorias_ElectronicaDigital/Pre-Parcial/03-Taller PreParcial/Punto17/Ruleta/Ruleta.srcs/sources_1/new/Relojes.vhd:23]
INFO: [Synth 8-3491] module 'Aleatorio' declared at 'D:/Github/Monitorias_ElectronicaDigital/Pre-Parcial/03-Taller PreParcial/Punto17/Ruleta/Ruleta.srcs/sources_1/new/Aleatorio.vhd:8' bound to instance 'B2' of component 'Aleatorio' [D:/Github/Monitorias_ElectronicaDigital/Pre-Parcial/03-Taller PreParcial/Punto17/Ruleta/Ruleta.srcs/sources_1/new/TOP.vhd:60]
INFO: [Synth 8-638] synthesizing module 'Aleatorio' [D:/Github/Monitorias_ElectronicaDigital/Pre-Parcial/03-Taller PreParcial/Punto17/Ruleta/Ruleta.srcs/sources_1/new/Aleatorio.vhd:15]
INFO: [Synth 8-256] done synthesizing module 'Aleatorio' (0#1) [D:/Github/Monitorias_ElectronicaDigital/Pre-Parcial/03-Taller PreParcial/Punto17/Ruleta/Ruleta.srcs/sources_1/new/Aleatorio.vhd:15]
INFO: [Synth 8-3491] module 'Count4Bits' declared at 'D:/Github/Monitorias_ElectronicaDigital/Pre-Parcial/03-Taller PreParcial/Punto17/Ruleta/Ruleta.srcs/sources_1/new/Count4Bits.vhd:5' bound to instance 'B3' of component 'Count4Bits' [D:/Github/Monitorias_ElectronicaDigital/Pre-Parcial/03-Taller PreParcial/Punto17/Ruleta/Ruleta.srcs/sources_1/new/TOP.vhd:61]
INFO: [Synth 8-638] synthesizing module 'Count4Bits' [D:/Github/Monitorias_ElectronicaDigital/Pre-Parcial/03-Taller PreParcial/Punto17/Ruleta/Ruleta.srcs/sources_1/new/Count4Bits.vhd:15]
WARNING: [Synth 8-614] signal 'aux' is read in the process but is not in the sensitivity list [D:/Github/Monitorias_ElectronicaDigital/Pre-Parcial/03-Taller PreParcial/Punto17/Ruleta/Ruleta.srcs/sources_1/new/Count4Bits.vhd:20]
INFO: [Synth 8-256] done synthesizing module 'Count4Bits' (0#1) [D:/Github/Monitorias_ElectronicaDigital/Pre-Parcial/03-Taller PreParcial/Punto17/Ruleta/Ruleta.srcs/sources_1/new/Count4Bits.vhd:15]
INFO: [Synth 8-3491] module 'Deco4_16' declared at 'D:/Github/Monitorias_ElectronicaDigital/Pre-Parcial/03-Taller PreParcial/Punto17/Ruleta/Ruleta.srcs/sources_1/new/Deco4_16.vhd:17' bound to instance 'B4' of component 'Deco4_16' [D:/Github/Monitorias_ElectronicaDigital/Pre-Parcial/03-Taller PreParcial/Punto17/Ruleta/Ruleta.srcs/sources_1/new/TOP.vhd:62]
INFO: [Synth 8-638] synthesizing module 'Deco4_16' [D:/Github/Monitorias_ElectronicaDigital/Pre-Parcial/03-Taller PreParcial/Punto17/Ruleta/Ruleta.srcs/sources_1/new/Deco4_16.vhd:22]
INFO: [Synth 8-256] done synthesizing module 'Deco4_16' (0#1) [D:/Github/Monitorias_ElectronicaDigital/Pre-Parcial/03-Taller PreParcial/Punto17/Ruleta/Ruleta.srcs/sources_1/new/Deco4_16.vhd:22]
INFO: [Synth 8-256] done synthesizing module 'TOP' (0#1) [D:/Github/Monitorias_ElectronicaDigital/Pre-Parcial/03-Taller PreParcial/Punto17/Ruleta/Ruleta.srcs/sources_1/new/TOP.vhd:23]
WARNING: [Synth 8-5787] Register aux_reg in module Count4Bits is clocked by two different clocks in the same process. This may cause simulation mismatches and synthesis errors. Consider using different process statements  [D:/Github/Monitorias_ElectronicaDigital/Pre-Parcial/03-Taller PreParcial/Punto17/Ruleta/Ruleta.srcs/sources_1/new/Count4Bits.vhd:23]
---------------------------------------------------------------------------------
Finished RTL Elaboration : Time (s): cpu = 00:00:07 ; elapsed = 00:00:12 . Memory (MB): peak = 1477.680 ; gain = 559.648
---------------------------------------------------------------------------------
---------------------------------------------------------------------------------
Start Handling Custom Attributes
---------------------------------------------------------------------------------
---------------------------------------------------------------------------------
Finished Handling Custom Attributes : Time (s): cpu = 00:00:07 ; elapsed = 00:00:13 . Memory (MB): peak = 1477.680 ; gain = 559.648
---------------------------------------------------------------------------------
---------------------------------------------------------------------------------
Finished RTL Optimization Phase 1 : Time (s): cpu = 00:00:07 ; elapsed = 00:00:13 . Memory (MB): peak = 1477.680 ; gain = 559.648
---------------------------------------------------------------------------------
Netlist sorting complete. Time (s): cpu = 00:00:00 ; elapsed = 00:00:00.002 . Memory (MB): peak = 1477.680 ; gain = 0.000
INFO: [Project 1-570] Preparing netlist for logic optimization

Processing XDC Constraints
Initializing timing engine
Parsing XDC File [D:/Github/Monitorias_ElectronicaDigital/Pre-Parcial/03-Taller PreParcial/Punto17/Ruleta/Ruleta.srcs/constrs_1/new/XDC.xdc]
Finished Parsing XDC File [D:/Github/Monitorias_ElectronicaDigital/Pre-Parcial/03-Taller PreParcial/Punto17/Ruleta/Ruleta.srcs/constrs_1/new/XDC.xdc]
INFO: [Project 1-236] Implementation specific constraints were found while reading constraint file [D:/Github/Monitorias_ElectronicaDigital/Pre-Parcial/03-Taller PreParcial/Punto17/Ruleta/Ruleta.srcs/constrs_1/new/XDC.xdc]. These constraints will be ignored for synthesis but will be used in implementation. Impacted constraints are listed in the file [.Xil/TOP_propImpl.xdc].
Resolution: To avoid this warning, move constraints listed in [.Xil/TOP_propImpl.xdc] to another XDC file and exclude this new file from synthesis with the used_in_synthesis property (File Properties dialog in GUI) and re-run elaboration/synthesis.
Completed Processing XDC Constraints

Netlist sorting complete. Time (s): cpu = 00:00:00 ; elapsed = 00:00:00.001 . Memory (MB): peak = 1549.117 ; gain = 0.000
INFO: [Project 1-111] Unisim Transformation Summary:
No Unisim elements were transformed.

Constraint Validation Runtime : Time (s): cpu = 00:00:00 ; elapsed = 00:00:00.002 . Memory (MB): peak = 1549.117 ; gain = 0.000
INFO: [Designutils 20-5440] No compile time benefit to using incremental synthesis; A full resynthesis will be run
INFO: [Designutils 20-4379] Flow is switching to default flow due to incremental criteria not met. If you would like to alter this behaviour and have the flow terminate instead, please set the following parameter config_implementation {autoIncr.Synth.RejectBehavior Terminate}
---------------------------------------------------------------------------------
Finished Constraint Validation : Time (s): cpu = 00:00:14 ; elapsed = 00:00:28 . Memory (MB): peak = 1549.117 ; gain = 631.086
---------------------------------------------------------------------------------
---------------------------------------------------------------------------------
Start Loading Part and Timing Information
---------------------------------------------------------------------------------
Loading part: xc7a35ticpg236-1L
---------------------------------------------------------------------------------
Finished Loading Part and Timing Information : Time (s): cpu = 00:00:14 ; elapsed = 00:00:28 . Memory (MB): peak = 1549.117 ; gain = 631.086
---------------------------------------------------------------------------------
---------------------------------------------------------------------------------
Start Applying 'set_property' XDC Constraints
---------------------------------------------------------------------------------
---------------------------------------------------------------------------------
Finished applying 'set_property' XDC Constraints : Time (s): cpu = 00:00:14 ; elapsed = 00:00:28 . Memory (MB): peak = 1549.117 ; gain = 631.086
---------------------------------------------------------------------------------
---------------------------------------------------------------------------------
Finished RTL Optimization Phase 2 : Time (s): cpu = 00:00:14 ; elapsed = 00:00:28 . Memory (MB): peak = 1549.117 ; gain = 631.086
---------------------------------------------------------------------------------
---------------------------------------------------------------------------------
Start RTL Component Statistics 
---------------------------------------------------------------------------------
Detailed RTL Component Info : 
+---Adders : 
	   2 Input   27 Bit       Adders := 2     
	   2 Input    4 Bit       Adders := 2     
	   2 Input    2 Bit       Adders := 2     
+---Registers : 
	               27 Bit    Registers := 2     
	                4 Bit    Registers := 2     
	                2 Bit    Registers := 2     
	                1 Bit    Registers := 4     
+---Muxes : 
	   2 Input    1 Bit        Muxes := 1     
---------------------------------------------------------------------------------
Finished RTL Component Statistics 
---------------------------------------------------------------------------------
---------------------------------------------------------------------------------
Start Part Resource Summary
---------------------------------------------------------------------------------
Part Resources:
DSPs: 90 (col length:60)
BRAMs: 100 (col length: RAMB18 60 RAMB36 30)
---------------------------------------------------------------------------------
Finished Part Resource Summary
---------------------------------------------------------------------------------
---------------------------------------------------------------------------------
Start Cross Boundary and Area Optimization
---------------------------------------------------------------------------------
WARNING: [Synth 8-7080] Parallel synthesis criteria is not met
---------------------------------------------------------------------------------
Finished Cross Boundary and Area Optimization : Time (s): cpu = 00:00:15 ; elapsed = 00:00:32 . Memory (MB): peak = 1549.117 ; gain = 631.086
---------------------------------------------------------------------------------
---------------------------------------------------------------------------------
Start Applying XDC Timing Constraints
---------------------------------------------------------------------------------
---------------------------------------------------------------------------------
Finished Applying XDC Timing Constraints : Time (s): cpu = 00:00:20 ; elapsed = 00:00:42 . Memory (MB): peak = 1549.117 ; gain = 631.086
---------------------------------------------------------------------------------
---------------------------------------------------------------------------------
Start Timing Optimization
---------------------------------------------------------------------------------
---------------------------------------------------------------------------------
Finished Timing Optimization : Time (s): cpu = 00:00:20 ; elapsed = 00:00:42 . Memory (MB): peak = 1549.117 ; gain = 631.086
---------------------------------------------------------------------------------
---------------------------------------------------------------------------------
Start Technology Mapping
---------------------------------------------------------------------------------
---------------------------------------------------------------------------------
Finished Technology Mapping : Time (s): cpu = 00:00:20 ; elapsed = 00:00:42 . Memory (MB): peak = 1549.117 ; gain = 631.086
---------------------------------------------------------------------------------
---------------------------------------------------------------------------------
Start IO Insertion
---------------------------------------------------------------------------------
---------------------------------------------------------------------------------
Start Flattening Before IO Insertion
---------------------------------------------------------------------------------
---------------------------------------------------------------------------------
Finished Flattening Before IO Insertion
---------------------------------------------------------------------------------
---------------------------------------------------------------------------------
Start Final Netlist Cleanup
---------------------------------------------------------------------------------
---------------------------------------------------------------------------------
Finished Final Netlist Cleanup
---------------------------------------------------------------------------------
---------------------------------------------------------------------------------
Finished IO Insertion : Time (s): cpu = 00:00:25 ; elapsed = 00:00:51 . Memory (MB): peak = 1549.117 ; gain = 631.086
---------------------------------------------------------------------------------
---------------------------------------------------------------------------------
Start Renaming Generated Instances
---------------------------------------------------------------------------------
---------------------------------------------------------------------------------
Finished Renaming Generated Instances : Time (s): cpu = 00:00:25 ; elapsed = 00:00:51 . Memory (MB): peak = 1549.117 ; gain = 631.086
---------------------------------------------------------------------------------
---------------------------------------------------------------------------------
Start Rebuilding User Hierarchy
---------------------------------------------------------------------------------
---------------------------------------------------------------------------------
Finished Rebuilding User Hierarchy : Time (s): cpu = 00:00:25 ; elapsed = 00:00:51 . Memory (MB): peak = 1549.117 ; gain = 631.086
---------------------------------------------------------------------------------
---------------------------------------------------------------------------------
Start Renaming Generated Ports
---------------------------------------------------------------------------------
---------------------------------------------------------------------------------
Finished Renaming Generated Ports : Time (s): cpu = 00:00:25 ; elapsed = 00:00:51 . Memory (MB): peak = 1549.117 ; gain = 631.086
---------------------------------------------------------------------------------
---------------------------------------------------------------------------------
Start Handling Custom Attributes
---------------------------------------------------------------------------------
---------------------------------------------------------------------------------
Finished Handling Custom Attributes : Time (s): cpu = 00:00:25 ; elapsed = 00:00:51 . Memory (MB): peak = 1549.117 ; gain = 631.086
---------------------------------------------------------------------------------
---------------------------------------------------------------------------------
Start Renaming Generated Nets
---------------------------------------------------------------------------------
---------------------------------------------------------------------------------
Finished Renaming Generated Nets : Time (s): cpu = 00:00:25 ; elapsed = 00:00:51 . Memory (MB): peak = 1549.117 ; gain = 631.086
---------------------------------------------------------------------------------
---------------------------------------------------------------------------------
Start Writing Synthesis Report
---------------------------------------------------------------------------------

Report BlackBoxes: 
+-+--------------+----------+
| |BlackBox name |Instances |
+-+--------------+----------+
+-+--------------+----------+

Report Cell Usage: 
+------+-----+------+
|      |Cell |Count |
+------+-----+------+
|1     |OBUF |    16|
+------+-----+------+
---------------------------------------------------------------------------------
Finished Writing Synthesis Report : Time (s): cpu = 00:00:25 ; elapsed = 00:00:51 . Memory (MB): peak = 1549.117 ; gain = 631.086
---------------------------------------------------------------------------------
Synthesis finished with 0 errors, 0 critical warnings and 1 warnings.
Synthesis Optimization Runtime : Time (s): cpu = 00:00:17 ; elapsed = 00:00:47 . Memory (MB): peak = 1549.117 ; gain = 559.648
Synthesis Optimization Complete : Time (s): cpu = 00:00:25 ; elapsed = 00:00:51 . Memory (MB): peak = 1549.117 ; gain = 631.086
INFO: [Project 1-571] Translating synthesized netlist
Netlist sorting complete. Time (s): cpu = 00:00:00 ; elapsed = 00:00:00 . Memory (MB): peak = 1549.117 ; gain = 0.000
INFO: [Project 1-570] Preparing netlist for logic optimization
INFO: [Opt 31-138] Pushed 0 inverter(s) to 0 load pin(s).
Netlist sorting complete. Time (s): cpu = 00:00:00 ; elapsed = 00:00:00 . Memory (MB): peak = 1549.117 ; gain = 0.000
INFO: [Project 1-111] Unisim Transformation Summary:
No Unisim elements were transformed.

Synth Design complete | Checksum: 1fcc5921
INFO: [Common 17-83] Releasing license: Synthesis
34 Infos, 3 Warnings, 0 Critical Warnings and 0 Errors encountered.
synth_design completed successfully
synth_design: Time (s): cpu = 00:00:29 ; elapsed = 00:01:01 . Memory (MB): peak = 1549.117 ; gain = 1030.395
Write ShapeDB Complete: Time (s): cpu = 00:00:00 ; elapsed = 00:00:00.001 . Memory (MB): peak = 1549.117 ; gain = 0.000
INFO: [Common 17-1381] The checkpoint 'D:/Github/Monitorias_ElectronicaDigital/Pre-Parcial/03-Taller PreParcial/Punto17/Ruleta/Ruleta.runs/synth_1/TOP.dcp' has been generated.
INFO: [Vivado 12-24828] Executing command : report_utilization -file TOP_utilization_synth.rpt -pb TOP_utilization_synth.pb
INFO: [Common 17-206] Exiting Vivado at Thu Aug 29 20:24:47 2024...
