
*** Running vivado
    with args -log TOP.vds -m64 -product Vivado -mode batch -messageDb vivado.pb -notrace -source TOP.tcl



*** Running vivado
    with args -log TOP.vds -m64 -product Vivado -mode batch -messageDb vivado.pb -notrace -source TOP.tcl



****** Vivado v2024.1 (64-bit)
  **** SW Build 5076996 on Wed May 22 18:37:14 MDT 2024
  **** IP Build 5075265 on Wed May 22 21:45:21 MDT 2024
  **** SharedData Build 5076995 on Wed May 22 18:29:18 MDT 2024
  **** Start of session at: Wed Aug 28 19:32:32 2024
    ** Copyright 1986-2022 Xilinx, Inc. All Rights Reserved.
    ** Copyright 2022-2024 Advanced Micro Devices, Inc. All Rights Reserved.

source TOP.tcl -notrace
create_project: Time (s): cpu = 00:00:06 ; elapsed = 00:00:16 . Memory (MB): peak = 513.141 ; gain = 195.719
Command: read_checkpoint -auto_incremental -incremental {D:/Github/Monitorias_ElectronicaDigital/Pre-Parcial/03-Taller PreParcial/Punto3/count_mod10/count_mod10.srcs/utils_1/imports/synth_1/TOP.dcp}
INFO: [Vivado 12-5825] Read reference checkpoint from D:/Github/Monitorias_ElectronicaDigital/Pre-Parcial/03-Taller PreParcial/Punto3/count_mod10/count_mod10.srcs/utils_1/imports/synth_1/TOP.dcp for incremental synthesis
INFO: [Vivado 12-7989] Please ensure there are no constraint changes
Command: synth_design -top TOP -part xc7a35ticpg236-1L
Starting synth_design
Attempting to get a license for feature 'Synthesis' and/or device 'xc7a35ti'
INFO: [Common 17-349] Got license for feature 'Synthesis' and/or device 'xc7a35ti'
INFO: [Device 21-403] Loading part xc7a35ticpg236-1L
INFO: [Device 21-9227] Part: xc7a35ticpg236-1L does not have CEAM library.
INFO: [Designutils 20-5440] No compile time benefit to using incremental synthesis; A full resynthesis will be run
INFO: [Designutils 20-4379] Flow is switching to default flow due to incremental criteria not met. If you would like to alter this behaviour and have the flow terminate instead, please set the following parameter config_implementation {autoIncr.Synth.RejectBehavior Terminate}
INFO: [Synth 8-7079] Multithreading enabled for synth_design using a maximum of 2 processes.
INFO: [Synth 8-7078] Launching helper process for spawning children vivado processes
INFO: [Synth 8-7075] Helper process launched with PID 7196
---------------------------------------------------------------------------------
Starting RTL Elaboration : Time (s): cpu = 00:00:06 ; elapsed = 00:00:13 . Memory (MB): peak = 1367.621 ; gain = 447.418
---------------------------------------------------------------------------------
INFO: [Synth 8-638] synthesizing module 'TOP' [D:/Github/Monitorias_ElectronicaDigital/Pre-Parcial/03-Taller PreParcial/Punto3/count_mod10/count_mod10.srcs/sources_1/new/TOP.vhd:17]
INFO: [Synth 8-3491] module 'Reloj_1Hz' declared at 'D:/Github/Monitorias_ElectronicaDigital/Pre-Parcial/03-Taller PreParcial/Punto3/count_mod10/count_mod10.srcs/sources_1/new/Reloj_1Hz.vhd:15' bound to instance 'B1' of component 'Reloj_1Hz' [D:/Github/Monitorias_ElectronicaDigital/Pre-Parcial/03-Taller PreParcial/Punto3/count_mod10/count_mod10.srcs/sources_1/new/TOP.vhd:34]
INFO: [Synth 8-638] synthesizing module 'Reloj_1Hz' [D:/Github/Monitorias_ElectronicaDigital/Pre-Parcial/03-Taller PreParcial/Punto3/count_mod10/count_mod10.srcs/sources_1/new/Reloj_1Hz.vhd:20]
INFO: [Synth 8-256] done synthesizing module 'Reloj_1Hz' (0#1) [D:/Github/Monitorias_ElectronicaDigital/Pre-Parcial/03-Taller PreParcial/Punto3/count_mod10/count_mod10.srcs/sources_1/new/Reloj_1Hz.vhd:20]
INFO: [Synth 8-3491] module 'CountMod10' declared at 'D:/Github/Monitorias_ElectronicaDigital/Pre-Parcial/03-Taller PreParcial/Punto3/count_mod10/count_mod10.srcs/sources_1/new/CountMod10.vhd:7' bound to instance 'B2' of component 'CountMod10' [D:/Github/Monitorias_ElectronicaDigital/Pre-Parcial/03-Taller PreParcial/Punto3/count_mod10/count_mod10.srcs/sources_1/new/TOP.vhd:35]
INFO: [Synth 8-638] synthesizing module 'CountMod10' [D:/Github/Monitorias_ElectronicaDigital/Pre-Parcial/03-Taller PreParcial/Punto3/count_mod10/count_mod10.srcs/sources_1/new/CountMod10.vhd:14]
INFO: [Synth 8-256] done synthesizing module 'CountMod10' (0#1) [D:/Github/Monitorias_ElectronicaDigital/Pre-Parcial/03-Taller PreParcial/Punto3/count_mod10/count_mod10.srcs/sources_1/new/CountMod10.vhd:14]
INFO: [Synth 8-256] done synthesizing module 'TOP' (0#1) [D:/Github/Monitorias_ElectronicaDigital/Pre-Parcial/03-Taller PreParcial/Punto3/count_mod10/count_mod10.srcs/sources_1/new/TOP.vhd:17]
WARNING: [Synth 8-6014] Unused sequential element count_reg was removed.  [D:/Github/Monitorias_ElectronicaDigital/Pre-Parcial/03-Taller PreParcial/Punto3/count_mod10/count_mod10.srcs/sources_1/new/CountMod10.vhd:21]
WARNING: [Synth 8-7129] Port U in module CountMod10 is either unconnected or has no load
---------------------------------------------------------------------------------
Finished RTL Elaboration : Time (s): cpu = 00:00:08 ; elapsed = 00:00:17 . Memory (MB): peak = 1476.777 ; gain = 556.574
---------------------------------------------------------------------------------
---------------------------------------------------------------------------------
Start Handling Custom Attributes
---------------------------------------------------------------------------------
---------------------------------------------------------------------------------
Finished Handling Custom Attributes : Time (s): cpu = 00:00:08 ; elapsed = 00:00:17 . Memory (MB): peak = 1476.777 ; gain = 556.574
---------------------------------------------------------------------------------
---------------------------------------------------------------------------------
Finished RTL Optimization Phase 1 : Time (s): cpu = 00:00:08 ; elapsed = 00:00:17 . Memory (MB): peak = 1476.777 ; gain = 556.574
---------------------------------------------------------------------------------
Netlist sorting complete. Time (s): cpu = 00:00:00 ; elapsed = 00:00:00.002 . Memory (MB): peak = 1476.777 ; gain = 0.000
INFO: [Project 1-570] Preparing netlist for logic optimization

Processing XDC Constraints
Initializing timing engine
Parsing XDC File [D:/Github/Monitorias_ElectronicaDigital/Pre-Parcial/03-Taller PreParcial/Punto3/count_mod10/count_mod10.srcs/constrs_1/new/XDC.xdc]
Finished Parsing XDC File [D:/Github/Monitorias_ElectronicaDigital/Pre-Parcial/03-Taller PreParcial/Punto3/count_mod10/count_mod10.srcs/constrs_1/new/XDC.xdc]
INFO: [Project 1-236] Implementation specific constraints were found while reading constraint file [D:/Github/Monitorias_ElectronicaDigital/Pre-Parcial/03-Taller PreParcial/Punto3/count_mod10/count_mod10.srcs/constrs_1/new/XDC.xdc]. These constraints will be ignored for synthesis but will be used in implementation. Impacted constraints are listed in the file [.Xil/TOP_propImpl.xdc].
Resolution: To avoid this warning, move constraints listed in [.Xil/TOP_propImpl.xdc] to another XDC file and exclude this new file from synthesis with the used_in_synthesis property (File Properties dialog in GUI) and re-run elaboration/synthesis.
Completed Processing XDC Constraints

Netlist sorting complete. Time (s): cpu = 00:00:00 ; elapsed = 00:00:00 . Memory (MB): peak = 1535.930 ; gain = 0.000
INFO: [Project 1-111] Unisim Transformation Summary:
No Unisim elements were transformed.

Constraint Validation Runtime : Time (s): cpu = 00:00:00 ; elapsed = 00:00:00.002 . Memory (MB): peak = 1535.930 ; gain = 0.000
INFO: [Designutils 20-5440] No compile time benefit to using incremental synthesis; A full resynthesis will be run
INFO: [Designutils 20-4379] Flow is switching to default flow due to incremental criteria not met. If you would like to alter this behaviour and have the flow terminate instead, please set the following parameter config_implementation {autoIncr.Synth.RejectBehavior Terminate}
---------------------------------------------------------------------------------
Finished Constraint Validation : Time (s): cpu = 00:00:17 ; elapsed = 00:00:32 . Memory (MB): peak = 1535.930 ; gain = 615.727
---------------------------------------------------------------------------------
---------------------------------------------------------------------------------
Start Loading Part and Timing Information
---------------------------------------------------------------------------------
Loading part: xc7a35ticpg236-1L
---------------------------------------------------------------------------------
Finished Loading Part and Timing Information : Time (s): cpu = 00:00:17 ; elapsed = 00:00:32 . Memory (MB): peak = 1535.930 ; gain = 615.727
---------------------------------------------------------------------------------
---------------------------------------------------------------------------------
Start Applying 'set_property' XDC Constraints
---------------------------------------------------------------------------------
---------------------------------------------------------------------------------
Finished applying 'set_property' XDC Constraints : Time (s): cpu = 00:00:17 ; elapsed = 00:00:33 . Memory (MB): peak = 1535.930 ; gain = 615.727
---------------------------------------------------------------------------------
---------------------------------------------------------------------------------
Finished RTL Optimization Phase 2 : Time (s): cpu = 00:00:18 ; elapsed = 00:00:33 . Memory (MB): peak = 1535.930 ; gain = 615.727
---------------------------------------------------------------------------------
---------------------------------------------------------------------------------
Start RTL Component Statistics 
---------------------------------------------------------------------------------
Detailed RTL Component Info : 
+---Adders : 
	   2 Input   27 Bit       Adders := 1     
	   2 Input    4 Bit       Adders := 1     
+---Registers : 
	               27 Bit    Registers := 1     
	                4 Bit    Registers := 1     
	                1 Bit    Registers := 1     
---------------------------------------------------------------------------------
Finished RTL Component Statistics 
---------------------------------------------------------------------------------
---------------------------------------------------------------------------------
Start Part Resource Summary
---------------------------------------------------------------------------------
Part Resources:
DSPs: 90 (col length:60)
BRAMs: 100 (col length: RAMB18 60 RAMB36 30)
---------------------------------------------------------------------------------
Finished Part Resource Summary
---------------------------------------------------------------------------------
---------------------------------------------------------------------------------
Start Cross Boundary and Area Optimization
---------------------------------------------------------------------------------
WARNING: [Synth 8-7080] Parallel synthesis criteria is not met
WARNING: [Synth 8-7129] Port Up in module TOP is either unconnected or has no load
---------------------------------------------------------------------------------
Finished Cross Boundary and Area Optimization : Time (s): cpu = 00:00:20 ; elapsed = 00:00:37 . Memory (MB): peak = 1535.930 ; gain = 615.727
---------------------------------------------------------------------------------
---------------------------------------------------------------------------------
Start Applying XDC Timing Constraints
---------------------------------------------------------------------------------
---------------------------------------------------------------------------------
Finished Applying XDC Timing Constraints : Time (s): cpu = 00:00:28 ; elapsed = 00:00:53 . Memory (MB): peak = 1535.930 ; gain = 615.727
---------------------------------------------------------------------------------
---------------------------------------------------------------------------------
Start Timing Optimization
---------------------------------------------------------------------------------
---------------------------------------------------------------------------------
Finished Timing Optimization : Time (s): cpu = 00:00:28 ; elapsed = 00:00:53 . Memory (MB): peak = 1535.930 ; gain = 615.727
---------------------------------------------------------------------------------
---------------------------------------------------------------------------------
Start Technology Mapping
---------------------------------------------------------------------------------
---------------------------------------------------------------------------------
Finished Technology Mapping : Time (s): cpu = 00:00:28 ; elapsed = 00:00:53 . Memory (MB): peak = 1535.930 ; gain = 615.727
---------------------------------------------------------------------------------
---------------------------------------------------------------------------------
Start IO Insertion
---------------------------------------------------------------------------------
---------------------------------------------------------------------------------
Start Flattening Before IO Insertion
---------------------------------------------------------------------------------
---------------------------------------------------------------------------------
Finished Flattening Before IO Insertion
---------------------------------------------------------------------------------
---------------------------------------------------------------------------------
Start Final Netlist Cleanup
---------------------------------------------------------------------------------
---------------------------------------------------------------------------------
Finished Final Netlist Cleanup
---------------------------------------------------------------------------------
---------------------------------------------------------------------------------
Finished IO Insertion : Time (s): cpu = 00:00:34 ; elapsed = 00:01:11 . Memory (MB): peak = 1535.930 ; gain = 615.727
---------------------------------------------------------------------------------
---------------------------------------------------------------------------------
Start Renaming Generated Instances
---------------------------------------------------------------------------------
---------------------------------------------------------------------------------
Finished Renaming Generated Instances : Time (s): cpu = 00:00:34 ; elapsed = 00:01:11 . Memory (MB): peak = 1535.930 ; gain = 615.727
---------------------------------------------------------------------------------
---------------------------------------------------------------------------------
Start Rebuilding User Hierarchy
---------------------------------------------------------------------------------
---------------------------------------------------------------------------------
Finished Rebuilding User Hierarchy : Time (s): cpu = 00:00:34 ; elapsed = 00:01:11 . Memory (MB): peak = 1535.930 ; gain = 615.727
---------------------------------------------------------------------------------
---------------------------------------------------------------------------------
Start Renaming Generated Ports
---------------------------------------------------------------------------------
---------------------------------------------------------------------------------
Finished Renaming Generated Ports : Time (s): cpu = 00:00:34 ; elapsed = 00:01:11 . Memory (MB): peak = 1535.930 ; gain = 615.727
---------------------------------------------------------------------------------
---------------------------------------------------------------------------------
Start Handling Custom Attributes
---------------------------------------------------------------------------------
---------------------------------------------------------------------------------
Finished Handling Custom Attributes : Time (s): cpu = 00:00:34 ; elapsed = 00:01:11 . Memory (MB): peak = 1535.930 ; gain = 615.727
---------------------------------------------------------------------------------
---------------------------------------------------------------------------------
Start Renaming Generated Nets
---------------------------------------------------------------------------------
---------------------------------------------------------------------------------
Finished Renaming Generated Nets : Time (s): cpu = 00:00:34 ; elapsed = 00:01:11 . Memory (MB): peak = 1535.930 ; gain = 615.727
---------------------------------------------------------------------------------
---------------------------------------------------------------------------------
Start Writing Synthesis Report
---------------------------------------------------------------------------------

Report BlackBoxes: 
+-+--------------+----------+
| |BlackBox name |Instances |
+-+--------------+----------+
+-+--------------+----------+

Report Cell Usage: 
+------+-------+------+
|      |Cell   |Count |
+------+-------+------+
|1     |BUFG   |     1|
|2     |CARRY4 |     7|
|3     |LUT1   |     2|
|4     |LUT3   |     1|
|5     |LUT4   |     3|
|6     |LUT5   |     1|
|7     |LUT6   |     5|
|8     |FDRE   |    32|
|9     |IBUF   |     2|
|10    |OBUF   |     4|
+------+-------+------+
---------------------------------------------------------------------------------
Finished Writing Synthesis Report : Time (s): cpu = 00:00:34 ; elapsed = 00:01:11 . Memory (MB): peak = 1535.930 ; gain = 615.727
---------------------------------------------------------------------------------
Synthesis finished with 0 errors, 0 critical warnings and 2 warnings.
Synthesis Optimization Runtime : Time (s): cpu = 00:00:24 ; elapsed = 00:01:08 . Memory (MB): peak = 1535.930 ; gain = 556.574
Synthesis Optimization Complete : Time (s): cpu = 00:00:34 ; elapsed = 00:01:12 . Memory (MB): peak = 1535.930 ; gain = 615.727
INFO: [Project 1-571] Translating synthesized netlist
Netlist sorting complete. Time (s): cpu = 00:00:00 ; elapsed = 00:00:00 . Memory (MB): peak = 1535.930 ; gain = 0.000
INFO: [Netlist 29-17] Analyzing 7 Unisim elements for replacement
INFO: [Netlist 29-28] Unisim Transformation completed in 0 CPU seconds
INFO: [Project 1-570] Preparing netlist for logic optimization
INFO: [Opt 31-138] Pushed 0 inverter(s) to 0 load pin(s).
Netlist sorting complete. Time (s): cpu = 00:00:00 ; elapsed = 00:00:00 . Memory (MB): peak = 1535.930 ; gain = 0.000
INFO: [Project 1-111] Unisim Transformation Summary:
No Unisim elements were transformed.

Synth Design complete | Checksum: 13ed03ac
INFO: [Common 17-83] Releasing license: Synthesis
30 Infos, 4 Warnings, 0 Critical Warnings and 0 Errors encountered.
synth_design completed successfully
synth_design: Time (s): cpu = 00:00:39 ; elapsed = 00:01:23 . Memory (MB): peak = 1535.930 ; gain = 1017.059
Write ShapeDB Complete: Time (s): cpu = 00:00:00 ; elapsed = 00:00:00.002 . Memory (MB): peak = 1535.930 ; gain = 0.000
INFO: [Common 17-1381] The checkpoint 'D:/Github/Monitorias_ElectronicaDigital/Pre-Parcial/03-Taller PreParcial/Punto3/count_mod10/count_mod10.runs/synth_1/TOP.dcp' has been generated.
INFO: [Vivado 12-24828] Executing command : report_utilization -file TOP_utilization_synth.rpt -pb TOP_utilization_synth.pb
INFO: [Common 17-206] Exiting Vivado at Wed Aug 28 19:34:17 2024...
